{"/Users/wudaijung/eTrader/app.js":{"path":"/Users/wudaijung/eTrader/app.js","statementMap":{"0":{"start":{"line":1,"column":0},"end":{"line":1,"column":27}},"1":{"start":{"line":2,"column":49},"end":{"line":2,"column":60}},"2":{"start":{"line":3,"column":16},"end":{"line":3,"column":39}},"3":{"start":{"line":4,"column":58},"end":{"line":4,"column":106}},"4":{"start":{"line":5,"column":49},"end":{"line":5,"column":97}},"5":{"start":{"line":6,"column":17},"end":{"line":6,"column":66}},"6":{"start":{"line":8,"column":13},"end":{"line":8,"column":50}},"7":{"start":{"line":11,"column":16},"end":{"line":11,"column":34}},"8":{"start":{"line":12,"column":19},"end":{"line":12,"column":41}},"9":{"start":{"line":13,"column":12},"end":{"line":13,"column":21}},"10":{"start":{"line":15,"column":0},"end":{"line":15,"column":26}},"11":{"start":{"line":17,"column":0},"end":{"line":17,"column":34}},"12":{"start":{"line":18,"column":0},"end":{"line":18,"column":27}},"13":{"start":{"line":19,"column":0},"end":{"line":19,"column":48}},"14":{"start":{"line":23,"column":15},"end":{"line":23,"column":83}},"15":{"start":{"line":23,"column":39},"end":{"line":23,"column":81}},"16":{"start":{"line":24,"column":0},"end":{"line":24,"column":34}},"17":{"start":{"line":25,"column":0},"end":{"line":25,"column":11}},"18":{"start":{"line":28,"column":0},"end":{"line":35,"column":2}},"19":{"start":{"line":38,"column":0},"end":{"line":42,"column":3}},"20":{"start":{"line":39,"column":4},"end":{"line":39,"column":21}},"21":{"start":{"line":40,"column":4},"end":{"line":40,"column":50}},"22":{"start":{"line":41,"column":4},"end":{"line":41,"column":11}},"23":{"start":{"line":45,"column":0},"end":{"line":50,"column":3}},"24":{"start":{"line":46,"column":4},"end":{"line":49,"column":5}},"25":{"start":{"line":47,"column":8},"end":{"line":47,"column":86}},"26":{"start":{"line":48,"column":8},"end":{"line":48,"column":15}},"27":{"start":{"line":88,"column":0},"end":{"line":88,"column":21}}},"fnMap":{"0":{"name":"(anonymous_0)","decl":{"start":{"line":23,"column":32},"end":{"line":23,"column":33}},"loc":{"start":{"line":23,"column":38},"end":{"line":23,"column":82}},"line":23},"1":{"name":"(anonymous_1)","decl":{"start":{"line":38,"column":8},"end":{"line":38,"column":9}},"loc":{"start":{"line":38,"column":38},"end":{"line":42,"column":1}},"line":38},"2":{"name":"(anonymous_2)","decl":{"start":{"line":45,"column":13},"end":{"line":45,"column":14}},"loc":{"start":{"line":45,"column":31},"end":{"line":50,"column":1}},"line":45}},"branchMap":{"0":{"loc":{"start":{"line":8,"column":13},"end":{"line":8,"column":50}},"type":"cond-expr","locations":[{"start":{"line":8,"column":34},"end":{"line":8,"column":43}},{"start":{"line":8,"column":46},"end":{"line":8,"column":50}}],"line":8},"1":{"loc":{"start":{"line":46,"column":4},"end":{"line":49,"column":5}},"type":"if","locations":[{"start":{"line":46,"column":4},"end":{"line":49,"column":5}},{"start":{"line":46,"column":4},"end":{"line":49,"column":5}}],"line":46}},"s":{"0":1,"1":1,"2":1,"3":1,"4":1,"5":1,"6":1,"7":1,"8":1,"9":1,"10":1,"11":1,"12":1,"13":1,"14":1,"15":1,"16":1,"17":1,"18":1,"19":1,"20":0,"21":0,"22":0,"23":1,"24":0,"25":0,"26":0,"27":1},"f":{"0":1,"1":0,"2":0},"b":{"0":[1,0],"1":[0,0]},"_coverageSchema":"1a1c01bbd47fc00a2c39e90264f33305004495a9","hash":"ae6e7c17de9dd6db967860785bc28a90796e747d","contentHash":"75e2fcd8ccd9de7a45da66ca9e062cbebae655f3db9c0363a7001ca3fa2864b3"},"/Users/wudaijung/eTrader/server/controllers/stock_controller.js":{"path":"/Users/wudaijung/eTrader/server/controllers/stock_controller.js","statementMap":{"0":{"start":{"line":1,"column":14},"end":{"line":1,"column":46}},"1":{"start":{"line":4,"column":18},"end":{"line":8,"column":1}},"2":{"start":{"line":5,"column":34},"end":{"line":5,"column":43}},"3":{"start":{"line":6,"column":19},"end":{"line":6,"column":59}},"4":{"start":{"line":7,"column":4},"end":{"line":7,"column":41}},"5":{"start":{"line":10,"column":21},"end":{"line":14,"column":1}},"6":{"start":{"line":11,"column":23},"end":{"line":11,"column":32}},"7":{"start":{"line":12,"column":22},"end":{"line":12,"column":54}},"8":{"start":{"line":13,"column":4},"end":{"line":13,"column":44}},"9":{"start":{"line":16,"column":16},"end":{"line":20,"column":1}},"10":{"start":{"line":17,"column":23},"end":{"line":17,"column":32}},"11":{"start":{"line":18,"column":17},"end":{"line":18,"column":44}},"12":{"start":{"line":19,"column":4},"end":{"line":19,"column":39}},"13":{"start":{"line":22,"column":21},"end":{"line":26,"column":1}},"14":{"start":{"line":23,"column":23},"end":{"line":23,"column":32}},"15":{"start":{"line":24,"column":22},"end":{"line":24,"column":54}},"16":{"start":{"line":25,"column":4},"end":{"line":25,"column":44}},"17":{"start":{"line":28,"column":24},"end":{"line":32,"column":1}},"18":{"start":{"line":29,"column":23},"end":{"line":29,"column":32}},"19":{"start":{"line":30,"column":25},"end":{"line":30,"column":60}},"20":{"start":{"line":31,"column":4},"end":{"line":31,"column":47}},"21":{"start":{"line":34,"column":19},"end":{"line":38,"column":1}},"22":{"start":{"line":35,"column":23},"end":{"line":35,"column":32}},"23":{"start":{"line":36,"column":20},"end":{"line":36,"column":50}},"24":{"start":{"line":37,"column":4},"end":{"line":37,"column":42}},"25":{"start":{"line":40,"column":22},"end":{"line":43,"column":1}},"26":{"start":{"line":41,"column":23},"end":{"line":41,"column":50}},"27":{"start":{"line":42,"column":4},"end":{"line":42,"column":45}},"28":{"start":{"line":45,"column":23},"end":{"line":47,"column":1}},"29":{"start":{"line":46,"column":4},"end":{"line":46,"column":33}},"30":{"start":{"line":49,"column":21},"end":{"line":51,"column":1}},"31":{"start":{"line":50,"column":4},"end":{"line":50,"column":31}},"32":{"start":{"line":53,"column":26},"end":{"line":55,"column":1}},"33":{"start":{"line":54,"column":4},"end":{"line":54,"column":36}},"34":{"start":{"line":58,"column":0},"end":{"line":69,"column":2}}},"fnMap":{"0":{"name":"(anonymous_0)","decl":{"start":{"line":4,"column":18},"end":{"line":4,"column":19}},"loc":{"start":{"line":4,"column":38},"end":{"line":8,"column":1}},"line":4},"1":{"name":"(anonymous_1)","decl":{"start":{"line":10,"column":21},"end":{"line":10,"column":22}},"loc":{"start":{"line":10,"column":41},"end":{"line":14,"column":1}},"line":10},"2":{"name":"(anonymous_2)","decl":{"start":{"line":16,"column":16},"end":{"line":16,"column":17}},"loc":{"start":{"line":16,"column":36},"end":{"line":20,"column":1}},"line":16},"3":{"name":"(anonymous_3)","decl":{"start":{"line":22,"column":21},"end":{"line":22,"column":22}},"loc":{"start":{"line":22,"column":41},"end":{"line":26,"column":1}},"line":22},"4":{"name":"(anonymous_4)","decl":{"start":{"line":28,"column":24},"end":{"line":28,"column":25}},"loc":{"start":{"line":28,"column":44},"end":{"line":32,"column":1}},"line":28},"5":{"name":"(anonymous_5)","decl":{"start":{"line":34,"column":19},"end":{"line":34,"column":20}},"loc":{"start":{"line":34,"column":39},"end":{"line":38,"column":1}},"line":34},"6":{"name":"(anonymous_6)","decl":{"start":{"line":40,"column":22},"end":{"line":40,"column":23}},"loc":{"start":{"line":40,"column":42},"end":{"line":43,"column":1}},"line":40},"7":{"name":"(anonymous_7)","decl":{"start":{"line":45,"column":23},"end":{"line":45,"column":24}},"loc":{"start":{"line":45,"column":35},"end":{"line":47,"column":1}},"line":45},"8":{"name":"(anonymous_8)","decl":{"start":{"line":49,"column":21},"end":{"line":49,"column":22}},"loc":{"start":{"line":49,"column":33},"end":{"line":51,"column":1}},"line":49},"9":{"name":"(anonymous_9)","decl":{"start":{"line":53,"column":26},"end":{"line":53,"column":27}},"loc":{"start":{"line":53,"column":38},"end":{"line":55,"column":1}},"line":53}},"branchMap":{},"s":{"0":1,"1":1,"2":0,"3":0,"4":0,"5":1,"6":0,"7":0,"8":0,"9":1,"10":0,"11":0,"12":0,"13":1,"14":0,"15":0,"16":0,"17":1,"18":0,"19":0,"20":0,"21":1,"22":0,"23":0,"24":0,"25":1,"26":0,"27":0,"28":1,"29":0,"30":1,"31":0,"32":1,"33":0,"34":1},"f":{"0":0,"1":0,"2":0,"3":0,"4":0,"5":0,"6":0,"7":0,"8":0,"9":0},"b":{},"_coverageSchema":"1a1c01bbd47fc00a2c39e90264f33305004495a9","hash":"eb26c3c84742f893826ef565cd52313fc55365cc","contentHash":"7970f9d0e127a407487fbbdec6ca7a1ab9850e0bd6e06d2e27d33440e7d335e9"},"/Users/wudaijung/eTrader/server/models/stock_model.js":{"path":"/Users/wudaijung/eTrader/server/models/stock_model.js","statementMap":{"0":{"start":{"line":1,"column":0},"end":{"line":1,"column":27}},"1":{"start":{"line":2,"column":40},"end":{"line":2,"column":51}},"2":{"start":{"line":3,"column":14},"end":{"line":3,"column":30}},"3":{"start":{"line":4,"column":47},"end":{"line":4,"column":81}},"4":{"start":{"line":5,"column":45},"end":{"line":5,"column":75}},"5":{"start":{"line":7,"column":26},"end":{"line":49,"column":1}},"6":{"start":{"line":8,"column":18},"end":{"line":8,"column":28}},"7":{"start":{"line":9,"column":25},"end":{"line":9,"column":44}},"8":{"start":{"line":10,"column":27},"end":{"line":10,"column":48}},"9":{"start":{"line":14,"column":4},"end":{"line":32,"column":5}},"10":{"start":{"line":15,"column":8},"end":{"line":15,"column":23}},"11":{"start":{"line":16,"column":8},"end":{"line":16,"column":52}},"12":{"start":{"line":17,"column":8},"end":{"line":17,"column":51}},"13":{"start":{"line":19,"column":11},"end":{"line":32,"column":5}},"14":{"start":{"line":20,"column":8},"end":{"line":20,"column":23}},"15":{"start":{"line":21,"column":8},"end":{"line":21,"column":52}},"16":{"start":{"line":22,"column":8},"end":{"line":22,"column":49}},"17":{"start":{"line":24,"column":11},"end":{"line":32,"column":5}},"18":{"start":{"line":25,"column":8},"end":{"line":25,"column":23}},"19":{"start":{"line":26,"column":8},"end":{"line":26,"column":52}},"20":{"start":{"line":27,"column":8},"end":{"line":27,"column":49}},"21":{"start":{"line":29,"column":8},"end":{"line":29,"column":23}},"22":{"start":{"line":30,"column":8},"end":{"line":30,"column":52}},"23":{"start":{"line":31,"column":8},"end":{"line":31,"column":49}},"24":{"start":{"line":33,"column":25},"end":{"line":33,"column":286}},"25":{"start":{"line":35,"column":4},"end":{"line":45,"column":5}},"26":{"start":{"line":36,"column":8},"end":{"line":36,"column":58}},"27":{"start":{"line":38,"column":28},"end":{"line":38,"column":61}},"28":{"start":{"line":39,"column":8},"end":{"line":44,"column":10}},"29":{"start":{"line":41,"column":50},"end":{"line":41,"column":74}},"30":{"start":{"line":46,"column":4},"end":{"line":46,"column":41}},"31":{"start":{"line":47,"column":4},"end":{"line":47,"column":42}},"32":{"start":{"line":48,"column":4},"end":{"line":48,"column":21}},"33":{"start":{"line":53,"column":18},"end":{"line":96,"column":1}},"34":{"start":{"line":54,"column":20},"end":{"line":54,"column":52}},"35":{"start":{"line":56,"column":4},"end":{"line":75,"column":5}},"36":{"start":{"line":58,"column":8},"end":{"line":58,"column":18}},"37":{"start":{"line":59,"column":8},"end":{"line":59,"column":14}},"38":{"start":{"line":61,"column":8},"end":{"line":61,"column":18}},"39":{"start":{"line":62,"column":8},"end":{"line":62,"column":14}},"40":{"start":{"line":64,"column":8},"end":{"line":64,"column":18}},"41":{"start":{"line":65,"column":8},"end":{"line":65,"column":14}},"42":{"start":{"line":67,"column":8},"end":{"line":67,"column":19}},"43":{"start":{"line":68,"column":8},"end":{"line":68,"column":14}},"44":{"start":{"line":70,"column":8},"end":{"line":70,"column":21}},"45":{"start":{"line":71,"column":8},"end":{"line":71,"column":14}},"46":{"start":{"line":73,"column":8},"end":{"line":73,"column":22}},"47":{"start":{"line":74,"column":8},"end":{"line":74,"column":14}},"48":{"start":{"line":77,"column":22},"end":{"line":77,"column":92}},"49":{"start":{"line":78,"column":22},"end":{"line":78,"column":120}},"50":{"start":{"line":79,"column":30},"end":{"line":79,"column":73}},"51":{"start":{"line":81,"column":4},"end":{"line":94,"column":5}},"52":{"start":{"line":82,"column":29},"end":{"line":82,"column":113}},"53":{"start":{"line":82,"column":70},"end":{"line":82,"column":112}},"54":{"start":{"line":83,"column":8},"end":{"line":87,"column":10}},"55":{"start":{"line":84,"column":41},"end":{"line":84,"column":90}},"56":{"start":{"line":85,"column":42},"end":{"line":85,"column":49}},"57":{"start":{"line":86,"column":43},"end":{"line":86,"column":51}},"58":{"start":{"line":89,"column":8},"end":{"line":93,"column":10}},"59":{"start":{"line":90,"column":46},"end":{"line":90,"column":114}},"60":{"start":{"line":91,"column":47},"end":{"line":91,"column":54}},"61":{"start":{"line":92,"column":48},"end":{"line":92,"column":56}},"62":{"start":{"line":95,"column":4},"end":{"line":95,"column":21}},"63":{"start":{"line":98,"column":21},"end":{"line":136,"column":1}},"64":{"start":{"line":99,"column":22},"end":{"line":99,"column":68}},"65":{"start":{"line":100,"column":34},"end":{"line":100,"column":66}},"66":{"start":{"line":103,"column":4},"end":{"line":107,"column":5}},"67":{"start":{"line":104,"column":8},"end":{"line":104,"column":57}},"68":{"start":{"line":106,"column":8},"end":{"line":106,"column":52}},"69":{"start":{"line":108,"column":26},"end":{"line":119,"column":5}},"70":{"start":{"line":120,"column":4},"end":{"line":122,"column":5}},"71":{"start":{"line":121,"column":8},"end":{"line":121,"column":84}},"72":{"start":{"line":123,"column":4},"end":{"line":134,"column":5}},"73":{"start":{"line":124,"column":8},"end":{"line":133,"column":10}},"74":{"start":{"line":135,"column":4},"end":{"line":135,"column":25}},"75":{"start":{"line":138,"column":16},"end":{"line":155,"column":1}},"76":{"start":{"line":139,"column":22},"end":{"line":139,"column":87}},"77":{"start":{"line":140,"column":29},"end":{"line":140,"column":61}},"78":{"start":{"line":143,"column":4},"end":{"line":153,"column":5}},"79":{"start":{"line":144,"column":28},"end":{"line":144,"column":52}},"80":{"start":{"line":145,"column":8},"end":{"line":150,"column":12}},"81":{"start":{"line":145,"column":41},"end":{"line":150,"column":9}},"82":{"start":{"line":152,"column":8},"end":{"line":152,"column":36}},"83":{"start":{"line":154,"column":4},"end":{"line":154,"column":20}},"84":{"start":{"line":157,"column":21},"end":{"line":181,"column":1}},"85":{"start":{"line":158,"column":20},"end":{"line":158,"column":57}},"86":{"start":{"line":159,"column":19},"end":{"line":171,"column":5}},"87":{"start":{"line":172,"column":25},"end":{"line":172,"column":128}},"88":{"start":{"line":173,"column":22},"end":{"line":175,"column":5}},"89":{"start":{"line":174,"column":8},"end":{"line":174,"column":86}},"90":{"start":{"line":176,"column":4},"end":{"line":180,"column":5}},"91":{"start":{"line":177,"column":26},"end":{"line":177,"column":90}},"92":{"start":{"line":178,"column":8},"end":{"line":178,"column":44}},"93":{"start":{"line":179,"column":8},"end":{"line":179,"column":40}},"94":{"start":{"line":183,"column":24},"end":{"line":216,"column":1}},"95":{"start":{"line":184,"column":19},"end":{"line":193,"column":5}},"96":{"start":{"line":194,"column":29},"end":{"line":194,"column":131}},"97":{"start":{"line":195,"column":24},"end":{"line":206,"column":5}},"98":{"start":{"line":207,"column":4},"end":{"line":209,"column":5}},"99":{"start":{"line":208,"column":8},"end":{"line":208,"column":113}},"100":{"start":{"line":210,"column":4},"end":{"line":212,"column":5}},"101":{"start":{"line":211,"column":8},"end":{"line":211,"column":80}},"102":{"start":{"line":213,"column":22},"end":{"line":213,"column":57}},"103":{"start":{"line":214,"column":4},"end":{"line":214,"column":44}},"104":{"start":{"line":215,"column":4},"end":{"line":215,"column":25}},"105":{"start":{"line":218,"column":19},"end":{"line":246,"column":1}},"106":{"start":{"line":219,"column":19},"end":{"line":228,"column":5}},"107":{"start":{"line":229,"column":24},"end":{"line":229,"column":108}},"108":{"start":{"line":230,"column":27},"end":{"line":230,"column":69}},"109":{"start":{"line":231,"column":27},"end":{"line":233,"column":5}},"110":{"start":{"line":232,"column":8},"end":{"line":232,"column":102}},"111":{"start":{"line":234,"column":4},"end":{"line":245,"column":5}},"112":{"start":{"line":235,"column":26},"end":{"line":235,"column":65}},"113":{"start":{"line":236,"column":26},"end":{"line":236,"column":95}},"114":{"start":{"line":237,"column":8},"end":{"line":237,"column":28}},"115":{"start":{"line":238,"column":8},"end":{"line":238,"column":41}},"116":{"start":{"line":239,"column":8},"end":{"line":239,"column":49}},"117":{"start":{"line":240,"column":8},"end":{"line":240,"column":23}},"118":{"start":{"line":241,"column":8},"end":{"line":241,"column":30}},"119":{"start":{"line":243,"column":8},"end":{"line":243,"column":25}},"120":{"start":{"line":244,"column":8},"end":{"line":244,"column":20}},"121":{"start":{"line":248,"column":22},"end":{"line":252,"column":1}},"122":{"start":{"line":249,"column":22},"end":{"line":249,"column":77}},"123":{"start":{"line":250,"column":20},"end":{"line":250,"column":46}},"124":{"start":{"line":251,"column":4},"end":{"line":251,"column":19}},"125":{"start":{"line":255,"column":23},"end":{"line":285,"column":1}},"126":{"start":{"line":256,"column":22},"end":{"line":256,"column":64}},"127":{"start":{"line":257,"column":20},"end":{"line":257,"column":67}},"128":{"start":{"line":257,"column":58},"end":{"line":257,"column":66}},"129":{"start":{"line":258,"column":4},"end":{"line":283,"column":5}},"130":{"start":{"line":259,"column":26},"end":{"line":259,"column":74}},"131":{"start":{"line":261,"column":24},"end":{"line":261,"column":61}},"132":{"start":{"line":262,"column":23},"end":{"line":274,"column":9}},"133":{"start":{"line":275,"column":29},"end":{"line":275,"column":132}},"134":{"start":{"line":276,"column":32},"end":{"line":278,"column":9}},"135":{"start":{"line":277,"column":12},"end":{"line":277,"column":90}},"136":{"start":{"line":279,"column":8},"end":{"line":282,"column":9}},"137":{"start":{"line":280,"column":30},"end":{"line":280,"column":94}},"138":{"start":{"line":281,"column":12},"end":{"line":281,"column":54}},"139":{"start":{"line":284,"column":4},"end":{"line":284,"column":11}},"140":{"start":{"line":288,"column":26},"end":{"line":309,"column":1}},"141":{"start":{"line":289,"column":22},"end":{"line":289,"column":68}},"142":{"start":{"line":290,"column":20},"end":{"line":290,"column":67}},"143":{"start":{"line":290,"column":58},"end":{"line":290,"column":66}},"144":{"start":{"line":291,"column":16},"end":{"line":291,"column":17}},"145":{"start":{"line":293,"column":4},"end":{"line":307,"column":13}},"146":{"start":{"line":294,"column":8},"end":{"line":306,"column":9}},"147":{"start":{"line":295,"column":12},"end":{"line":304,"column":13}},"148":{"start":{"line":296,"column":34},"end":{"line":296,"column":80}},"149":{"start":{"line":297,"column":16},"end":{"line":297,"column":36}},"150":{"start":{"line":298,"column":16},"end":{"line":298,"column":57}},"151":{"start":{"line":299,"column":16},"end":{"line":299,"column":48}},"152":{"start":{"line":300,"column":16},"end":{"line":300,"column":31}},"153":{"start":{"line":302,"column":16},"end":{"line":302,"column":33}},"154":{"start":{"line":303,"column":16},"end":{"line":303,"column":28}},"155":{"start":{"line":305,"column":12},"end":{"line":305,"column":20}},"156":{"start":{"line":308,"column":4},"end":{"line":308,"column":11}},"157":{"start":{"line":312,"column":21},"end":{"line":333,"column":1}},"158":{"start":{"line":313,"column":22},"end":{"line":313,"column":63}},"159":{"start":{"line":314,"column":20},"end":{"line":314,"column":67}},"160":{"start":{"line":314,"column":58},"end":{"line":314,"column":66}},"161":{"start":{"line":315,"column":16},"end":{"line":315,"column":17}},"162":{"start":{"line":317,"column":4},"end":{"line":331,"column":13}},"163":{"start":{"line":318,"column":8},"end":{"line":330,"column":9}},"164":{"start":{"line":319,"column":12},"end":{"line":328,"column":13}},"165":{"start":{"line":320,"column":34},"end":{"line":320,"column":73}},"166":{"start":{"line":321,"column":16},"end":{"line":321,"column":36}},"167":{"start":{"line":322,"column":16},"end":{"line":322,"column":57}},"168":{"start":{"line":323,"column":16},"end":{"line":323,"column":43}},"169":{"start":{"line":324,"column":16},"end":{"line":324,"column":31}},"170":{"start":{"line":326,"column":16},"end":{"line":326,"column":33}},"171":{"start":{"line":327,"column":16},"end":{"line":327,"column":28}},"172":{"start":{"line":329,"column":12},"end":{"line":329,"column":20}},"173":{"start":{"line":332,"column":4},"end":{"line":332,"column":11}},"174":{"start":{"line":336,"column":22},"end":{"line":338,"column":1}},"175":{"start":{"line":337,"column":4},"end":{"line":337,"column":137}},"176":{"start":{"line":341,"column":24},"end":{"line":347,"column":1}},"177":{"start":{"line":342,"column":4},"end":{"line":346,"column":5}},"178":{"start":{"line":342,"column":16},"end":{"line":342,"column":17}},"179":{"start":{"line":343,"column":8},"end":{"line":345,"column":9}},"180":{"start":{"line":344,"column":12},"end":{"line":344,"column":46}},"181":{"start":{"line":350,"column":0},"end":{"line":362,"column":2}}},"fnMap":{"0":{"name":"(anonymous_0)","decl":{"start":{"line":7,"column":26},"end":{"line":7,"column":27}},"loc":{"start":{"line":7,"column":50},"end":{"line":49,"column":1}},"line":7},"1":{"name":"(anonymous_1)","decl":{"start":{"line":41,"column":45},"end":{"line":41,"column":46}},"loc":{"start":{"line":41,"column":50},"end":{"line":41,"column":74}},"line":41},"2":{"name":"(anonymous_2)","decl":{"start":{"line":53,"column":18},"end":{"line":53,"column":19}},"loc":{"start":{"line":53,"column":53},"end":{"line":96,"column":1}},"line":53},"3":{"name":"(anonymous_3)","decl":{"start":{"line":82,"column":65},"end":{"line":82,"column":66}},"loc":{"start":{"line":82,"column":70},"end":{"line":82,"column":112}},"line":82},"4":{"name":"(anonymous_4)","decl":{"start":{"line":84,"column":36},"end":{"line":84,"column":37}},"loc":{"start":{"line":84,"column":41},"end":{"line":84,"column":90}},"line":84},"5":{"name":"(anonymous_5)","decl":{"start":{"line":85,"column":37},"end":{"line":85,"column":38}},"loc":{"start":{"line":85,"column":42},"end":{"line":85,"column":49}},"line":85},"6":{"name":"(anonymous_6)","decl":{"start":{"line":86,"column":38},"end":{"line":86,"column":39}},"loc":{"start":{"line":86,"column":43},"end":{"line":86,"column":51}},"line":86},"7":{"name":"(anonymous_7)","decl":{"start":{"line":90,"column":41},"end":{"line":90,"column":42}},"loc":{"start":{"line":90,"column":46},"end":{"line":90,"column":114}},"line":90},"8":{"name":"(anonymous_8)","decl":{"start":{"line":91,"column":42},"end":{"line":91,"column":43}},"loc":{"start":{"line":91,"column":47},"end":{"line":91,"column":54}},"line":91},"9":{"name":"(anonymous_9)","decl":{"start":{"line":92,"column":43},"end":{"line":92,"column":44}},"loc":{"start":{"line":92,"column":48},"end":{"line":92,"column":56}},"line":92},"10":{"name":"(anonymous_10)","decl":{"start":{"line":98,"column":21},"end":{"line":98,"column":22}},"loc":{"start":{"line":98,"column":45},"end":{"line":136,"column":1}},"line":98},"11":{"name":"(anonymous_11)","decl":{"start":{"line":138,"column":16},"end":{"line":138,"column":17}},"loc":{"start":{"line":138,"column":40},"end":{"line":155,"column":1}},"line":138},"12":{"name":"(anonymous_12)","decl":{"start":{"line":145,"column":35},"end":{"line":145,"column":36}},"loc":{"start":{"line":145,"column":41},"end":{"line":150,"column":9}},"line":145},"13":{"name":"(anonymous_13)","decl":{"start":{"line":157,"column":21},"end":{"line":157,"column":22}},"loc":{"start":{"line":157,"column":45},"end":{"line":181,"column":1}},"line":157},"14":{"name":"(anonymous_14)","decl":{"start":{"line":173,"column":51},"end":{"line":173,"column":52}},"loc":{"start":{"line":174,"column":8},"end":{"line":174,"column":86}},"line":174},"15":{"name":"(anonymous_15)","decl":{"start":{"line":183,"column":24},"end":{"line":183,"column":25}},"loc":{"start":{"line":183,"column":48},"end":{"line":216,"column":1}},"line":183},"16":{"name":"(anonymous_16)","decl":{"start":{"line":218,"column":19},"end":{"line":218,"column":20}},"loc":{"start":{"line":218,"column":43},"end":{"line":246,"column":1}},"line":218},"17":{"name":"(anonymous_17)","decl":{"start":{"line":231,"column":46},"end":{"line":231,"column":47}},"loc":{"start":{"line":232,"column":8},"end":{"line":232,"column":102}},"line":232},"18":{"name":"(anonymous_18)","decl":{"start":{"line":248,"column":22},"end":{"line":248,"column":23}},"loc":{"start":{"line":248,"column":40},"end":{"line":252,"column":1}},"line":248},"19":{"name":"(anonymous_19)","decl":{"start":{"line":255,"column":23},"end":{"line":255,"column":24}},"loc":{"start":{"line":255,"column":41},"end":{"line":285,"column":1}},"line":255},"20":{"name":"(anonymous_20)","decl":{"start":{"line":257,"column":53},"end":{"line":257,"column":54}},"loc":{"start":{"line":257,"column":58},"end":{"line":257,"column":66}},"line":257},"21":{"name":"(anonymous_21)","decl":{"start":{"line":276,"column":61},"end":{"line":276,"column":62}},"loc":{"start":{"line":277,"column":12},"end":{"line":277,"column":90}},"line":277},"22":{"name":"(anonymous_22)","decl":{"start":{"line":288,"column":26},"end":{"line":288,"column":27}},"loc":{"start":{"line":288,"column":44},"end":{"line":309,"column":1}},"line":288},"23":{"name":"(anonymous_23)","decl":{"start":{"line":290,"column":53},"end":{"line":290,"column":54}},"loc":{"start":{"line":290,"column":58},"end":{"line":290,"column":66}},"line":290},"24":{"name":"(anonymous_24)","decl":{"start":{"line":293,"column":16},"end":{"line":293,"column":17}},"loc":{"start":{"line":293,"column":33},"end":{"line":307,"column":5}},"line":293},"25":{"name":"(anonymous_25)","decl":{"start":{"line":312,"column":21},"end":{"line":312,"column":22}},"loc":{"start":{"line":312,"column":39},"end":{"line":333,"column":1}},"line":312},"26":{"name":"(anonymous_26)","decl":{"start":{"line":314,"column":53},"end":{"line":314,"column":54}},"loc":{"start":{"line":314,"column":58},"end":{"line":314,"column":66}},"line":314},"27":{"name":"(anonymous_27)","decl":{"start":{"line":317,"column":16},"end":{"line":317,"column":17}},"loc":{"start":{"line":317,"column":33},"end":{"line":331,"column":5}},"line":317},"28":{"name":"(anonymous_28)","decl":{"start":{"line":336,"column":22},"end":{"line":336,"column":23}},"loc":{"start":{"line":336,"column":63},"end":{"line":338,"column":1}},"line":336},"29":{"name":"(anonymous_29)","decl":{"start":{"line":341,"column":24},"end":{"line":341,"column":25}},"loc":{"start":{"line":341,"column":46},"end":{"line":347,"column":1}},"line":341}},"branchMap":{"0":{"loc":{"start":{"line":14,"column":4},"end":{"line":32,"column":5}},"type":"if","locations":[{"start":{"line":14,"column":4},"end":{"line":32,"column":5}},{"start":{"line":14,"column":4},"end":{"line":32,"column":5}}],"line":14},"1":{"loc":{"start":{"line":14,"column":8},"end":{"line":14,"column":146}},"type":"binary-expr","locations":[{"start":{"line":14,"column":9},"end":{"line":14,"column":28}},{"start":{"line":14,"column":32},"end":{"line":14,"column":52}},{"start":{"line":14,"column":58},"end":{"line":14,"column":75}},{"start":{"line":14,"column":79},"end":{"line":14,"column":97}},{"start":{"line":14,"column":102},"end":{"line":14,"column":122}},{"start":{"line":14,"column":126},"end":{"line":14,"column":146}}],"line":14},"2":{"loc":{"start":{"line":19,"column":11},"end":{"line":32,"column":5}},"type":"if","locations":[{"start":{"line":19,"column":11},"end":{"line":32,"column":5}},{"start":{"line":19,"column":11},"end":{"line":32,"column":5}}],"line":19},"3":{"loc":{"start":{"line":24,"column":11},"end":{"line":32,"column":5}},"type":"if","locations":[{"start":{"line":24,"column":11},"end":{"line":32,"column":5}},{"start":{"line":24,"column":11},"end":{"line":32,"column":5}}],"line":24},"4":{"loc":{"start":{"line":35,"column":4},"end":{"line":45,"column":5}},"type":"if","locations":[{"start":{"line":35,"column":4},"end":{"line":45,"column":5}},{"start":{"line":35,"column":4},"end":{"line":45,"column":5}}],"line":35},"5":{"loc":{"start":{"line":56,"column":4},"end":{"line":75,"column":5}},"type":"switch","locations":[{"start":{"line":57,"column":4},"end":{"line":59,"column":14}},{"start":{"line":60,"column":4},"end":{"line":62,"column":14}},{"start":{"line":63,"column":4},"end":{"line":65,"column":14}},{"start":{"line":66,"column":4},"end":{"line":68,"column":14}},{"start":{"line":69,"column":4},"end":{"line":71,"column":14}},{"start":{"line":72,"column":4},"end":{"line":74,"column":14}}],"line":56},"6":{"loc":{"start":{"line":81,"column":4},"end":{"line":94,"column":5}},"type":"if","locations":[{"start":{"line":81,"column":4},"end":{"line":94,"column":5}},{"start":{"line":81,"column":4},"end":{"line":94,"column":5}}],"line":81},"7":{"loc":{"start":{"line":103,"column":4},"end":{"line":107,"column":5}},"type":"if","locations":[{"start":{"line":103,"column":4},"end":{"line":107,"column":5}},{"start":{"line":103,"column":4},"end":{"line":107,"column":5}}],"line":103},"8":{"loc":{"start":{"line":120,"column":4},"end":{"line":122,"column":5}},"type":"if","locations":[{"start":{"line":120,"column":4},"end":{"line":122,"column":5}},{"start":{"line":120,"column":4},"end":{"line":122,"column":5}}],"line":120},"9":{"loc":{"start":{"line":123,"column":4},"end":{"line":134,"column":5}},"type":"if","locations":[{"start":{"line":123,"column":4},"end":{"line":134,"column":5}},{"start":{"line":123,"column":4},"end":{"line":134,"column":5}}],"line":123},"10":{"loc":{"start":{"line":125,"column":20},"end":{"line":125,"column":71}},"type":"binary-expr","locations":[{"start":{"line":125,"column":20},"end":{"line":125,"column":63}},{"start":{"line":125,"column":67},"end":{"line":125,"column":71}}],"line":125},"11":{"loc":{"start":{"line":126,"column":22},"end":{"line":126,"column":75}},"type":"binary-expr","locations":[{"start":{"line":126,"column":22},"end":{"line":126,"column":67}},{"start":{"line":126,"column":71},"end":{"line":126,"column":75}}],"line":126},"12":{"loc":{"start":{"line":127,"column":21},"end":{"line":127,"column":73}},"type":"binary-expr","locations":[{"start":{"line":127,"column":21},"end":{"line":127,"column":65}},{"start":{"line":127,"column":69},"end":{"line":127,"column":73}}],"line":127},"13":{"loc":{"start":{"line":128,"column":18},"end":{"line":128,"column":67}},"type":"binary-expr","locations":[{"start":{"line":128,"column":18},"end":{"line":128,"column":59}},{"start":{"line":128,"column":63},"end":{"line":128,"column":67}}],"line":128},"14":{"loc":{"start":{"line":129,"column":19},"end":{"line":129,"column":69}},"type":"binary-expr","locations":[{"start":{"line":129,"column":19},"end":{"line":129,"column":61}},{"start":{"line":129,"column":65},"end":{"line":129,"column":69}}],"line":129},"15":{"loc":{"start":{"line":130,"column":23},"end":{"line":130,"column":98}},"type":"binary-expr","locations":[{"start":{"line":130,"column":23},"end":{"line":130,"column":90}},{"start":{"line":130,"column":94},"end":{"line":130,"column":98}}],"line":130},"16":{"loc":{"start":{"line":131,"column":21},"end":{"line":131,"column":73}},"type":"binary-expr","locations":[{"start":{"line":131,"column":21},"end":{"line":131,"column":65}},{"start":{"line":131,"column":69},"end":{"line":131,"column":73}}],"line":131},"17":{"loc":{"start":{"line":132,"column":33},"end":{"line":132,"column":97}},"type":"binary-expr","locations":[{"start":{"line":132,"column":33},"end":{"line":132,"column":89}},{"start":{"line":132,"column":93},"end":{"line":132,"column":97}}],"line":132},"18":{"loc":{"start":{"line":143,"column":4},"end":{"line":153,"column":5}},"type":"if","locations":[{"start":{"line":143,"column":4},"end":{"line":153,"column":5}},{"start":{"line":143,"column":4},"end":{"line":153,"column":5}}],"line":143},"19":{"loc":{"start":{"line":176,"column":4},"end":{"line":180,"column":5}},"type":"if","locations":[{"start":{"line":176,"column":4},"end":{"line":180,"column":5}},{"start":{"line":176,"column":4},"end":{"line":180,"column":5}}],"line":176},"20":{"loc":{"start":{"line":197,"column":20},"end":{"line":197,"column":96}},"type":"binary-expr","locations":[{"start":{"line":197,"column":20},"end":{"line":197,"column":88}},{"start":{"line":197,"column":92},"end":{"line":197,"column":96}}],"line":197},"21":{"loc":{"start":{"line":198,"column":19},"end":{"line":198,"column":161}},"type":"binary-expr","locations":[{"start":{"line":198,"column":19},"end":{"line":198,"column":153}},{"start":{"line":198,"column":157},"end":{"line":198,"column":161}}],"line":198},"22":{"loc":{"start":{"line":199,"column":24},"end":{"line":199,"column":99}},"type":"binary-expr","locations":[{"start":{"line":199,"column":24},"end":{"line":199,"column":90}},{"start":{"line":199,"column":95},"end":{"line":199,"column":99}}],"line":199},"23":{"loc":{"start":{"line":200,"column":23},"end":{"line":200,"column":90}},"type":"binary-expr","locations":[{"start":{"line":200,"column":23},"end":{"line":200,"column":82}},{"start":{"line":200,"column":86},"end":{"line":200,"column":90}}],"line":200},"24":{"loc":{"start":{"line":201,"column":14},"end":{"line":201,"column":76}},"type":"binary-expr","locations":[{"start":{"line":201,"column":14},"end":{"line":201,"column":68}},{"start":{"line":201,"column":72},"end":{"line":201,"column":76}}],"line":201},"25":{"loc":{"start":{"line":202,"column":20},"end":{"line":202,"column":100}},"type":"binary-expr","locations":[{"start":{"line":202,"column":20},"end":{"line":202,"column":92}},{"start":{"line":202,"column":96},"end":{"line":202,"column":100}}],"line":202},"26":{"loc":{"start":{"line":203,"column":13},"end":{"line":203,"column":89}},"type":"binary-expr","locations":[{"start":{"line":203,"column":13},"end":{"line":203,"column":81}},{"start":{"line":203,"column":85},"end":{"line":203,"column":89}}],"line":203},"27":{"loc":{"start":{"line":204,"column":19},"end":{"line":204,"column":158}},"type":"binary-expr","locations":[{"start":{"line":204,"column":19},"end":{"line":204,"column":150}},{"start":{"line":204,"column":154},"end":{"line":204,"column":158}}],"line":204},"28":{"loc":{"start":{"line":205,"column":18},"end":{"line":205,"column":89}},"type":"binary-expr","locations":[{"start":{"line":205,"column":18},"end":{"line":205,"column":81}},{"start":{"line":205,"column":85},"end":{"line":205,"column":89}}],"line":205},"29":{"loc":{"start":{"line":207,"column":4},"end":{"line":209,"column":5}},"type":"if","locations":[{"start":{"line":207,"column":4},"end":{"line":209,"column":5}},{"start":{"line":207,"column":4},"end":{"line":209,"column":5}}],"line":207},"30":{"loc":{"start":{"line":210,"column":4},"end":{"line":212,"column":5}},"type":"if","locations":[{"start":{"line":210,"column":4},"end":{"line":212,"column":5}},{"start":{"line":210,"column":4},"end":{"line":212,"column":5}}],"line":210},"31":{"loc":{"start":{"line":279,"column":8},"end":{"line":282,"column":9}},"type":"if","locations":[{"start":{"line":279,"column":8},"end":{"line":282,"column":9}},{"start":{"line":279,"column":8},"end":{"line":282,"column":9}}],"line":279},"32":{"loc":{"start":{"line":294,"column":8},"end":{"line":306,"column":9}},"type":"if","locations":[{"start":{"line":294,"column":8},"end":{"line":306,"column":9}},{"start":{"line":294,"column":8},"end":{"line":306,"column":9}}],"line":294},"33":{"loc":{"start":{"line":318,"column":8},"end":{"line":330,"column":9}},"type":"if","locations":[{"start":{"line":318,"column":8},"end":{"line":330,"column":9}},{"start":{"line":318,"column":8},"end":{"line":330,"column":9}}],"line":318},"34":{"loc":{"start":{"line":343,"column":8},"end":{"line":345,"column":9}},"type":"if","locations":[{"start":{"line":343,"column":8},"end":{"line":345,"column":9}},{"start":{"line":343,"column":8},"end":{"line":345,"column":9}}],"line":343}},"s":{"0":1,"1":1,"2":1,"3":1,"4":1,"5":1,"6":0,"7":0,"8":0,"9":0,"10":0,"11":0,"12":0,"13":0,"14":0,"15":0,"16":0,"17":0,"18":0,"19":0,"20":0,"21":0,"22":0,"23":0,"24":0,"25":0,"26":0,"27":0,"28":0,"29":0,"30":0,"31":0,"32":0,"33":1,"34":0,"35":0,"36":0,"37":0,"38":0,"39":0,"40":0,"41":0,"42":0,"43":0,"44":0,"45":0,"46":0,"47":0,"48":0,"49":0,"50":0,"51":0,"52":0,"53":0,"54":0,"55":0,"56":0,"57":0,"58":0,"59":0,"60":0,"61":0,"62":0,"63":1,"64":0,"65":0,"66":0,"67":0,"68":0,"69":0,"70":0,"71":0,"72":0,"73":0,"74":0,"75":1,"76":0,"77":0,"78":0,"79":0,"80":0,"81":0,"82":0,"83":0,"84":1,"85":0,"86":0,"87":0,"88":0,"89":0,"90":0,"91":0,"92":0,"93":0,"94":1,"95":0,"96":0,"97":0,"98":0,"99":0,"100":0,"101":0,"102":0,"103":0,"104":0,"105":1,"106":0,"107":0,"108":0,"109":0,"110":0,"111":0,"112":0,"113":0,"114":0,"115":0,"116":0,"117":0,"118":0,"119":0,"120":0,"121":1,"122":0,"123":0,"124":0,"125":1,"126":0,"127":0,"128":0,"129":0,"130":0,"131":0,"132":0,"133":0,"134":0,"135":0,"136":0,"137":0,"138":0,"139":0,"140":1,"141":0,"142":0,"143":0,"144":0,"145":0,"146":0,"147":0,"148":0,"149":0,"150":0,"151":0,"152":0,"153":0,"154":0,"155":0,"156":0,"157":1,"158":0,"159":0,"160":0,"161":0,"162":0,"163":0,"164":0,"165":0,"166":0,"167":0,"168":0,"169":0,"170":0,"171":0,"172":0,"173":0,"174":1,"175":0,"176":1,"177":0,"178":0,"179":0,"180":0,"181":1},"f":{"0":0,"1":0,"2":0,"3":0,"4":0,"5":0,"6":0,"7":0,"8":0,"9":0,"10":0,"11":0,"12":0,"13":0,"14":0,"15":0,"16":0,"17":0,"18":0,"19":0,"20":0,"21":0,"22":0,"23":0,"24":0,"25":0,"26":0,"27":0,"28":0,"29":0},"b":{"0":[0,0],"1":[0,0,0,0,0,0],"2":[0,0],"3":[0,0],"4":[0,0],"5":[0,0,0,0,0,0],"6":[0,0],"7":[0,0],"8":[0,0],"9":[0,0],"10":[0,0],"11":[0,0],"12":[0,0],"13":[0,0],"14":[0,0],"15":[0,0],"16":[0,0],"17":[0,0],"18":[0,0],"19":[0,0],"20":[0,0],"21":[0,0],"22":[0,0],"23":[0,0],"24":[0,0],"25":[0,0],"26":[0,0],"27":[0,0],"28":[0,0],"29":[0,0],"30":[0,0],"31":[0,0],"32":[0,0],"33":[0,0],"34":[0,0]},"_coverageSchema":"1a1c01bbd47fc00a2c39e90264f33305004495a9","hash":"06a53f9fa13ff8d2746229b20b037997f2fd8f01","contentHash":"24fdacd7caf63c4d8edf3bf957d4566478f41385eb4b44a4452ef60baca79bd8"},"/Users/wudaijung/eTrader/utils/mysqlcon.js":{"path":"/Users/wudaijung/eTrader/utils/mysqlcon.js","statementMap":{"0":{"start":{"line":1,"column":0},"end":{"line":1,"column":27}},"1":{"start":{"line":2,"column":14},"end":{"line":2,"column":30}},"2":{"start":{"line":3,"column":12},"end":{"line":3,"column":32}},"3":{"start":{"line":4,"column":28},"end":{"line":4,"column":59}},"4":{"start":{"line":5,"column":20},"end":{"line":5,"column":35}},"5":{"start":{"line":6,"column":60},"end":{"line":6,"column":71}},"6":{"start":{"line":8,"column":20},"end":{"line":27,"column":1}},"7":{"start":{"line":29,"column":17},"end":{"line":29,"column":79}},"8":{"start":{"line":31,"column":21},"end":{"line":33,"column":1}},"9":{"start":{"line":32,"column":4},"end":{"line":32,"column":69}},"10":{"start":{"line":35,"column":27},"end":{"line":35,"column":78}},"11":{"start":{"line":36,"column":22},"end":{"line":36,"column":63}},"12":{"start":{"line":37,"column":24},"end":{"line":37,"column":67}},"13":{"start":{"line":38,"column":19},"end":{"line":38,"column":57}},"14":{"start":{"line":40,"column":0},"end":{"line":47,"column":2}}},"fnMap":{"0":{"name":"(anonymous_0)","decl":{"start":{"line":31,"column":21},"end":{"line":31,"column":22}},"loc":{"start":{"line":31,"column":42},"end":{"line":33,"column":1}},"line":31}},"branchMap":{},"s":{"0":1,"1":1,"2":1,"3":1,"4":1,"5":1,"6":1,"7":1,"8":1,"9":29,"10":1,"11":1,"12":1,"13":1,"14":1},"f":{"0":29},"b":{},"_coverageSchema":"1a1c01bbd47fc00a2c39e90264f33305004495a9","hash":"c324b0ce10ca4584f6baad3c86a9905c70d39481","contentHash":"4b4feff9550f19649fc399bedd1dc7a0d36edc91e8fc4e8dad61deda1fda5c2f"},"/Users/wudaijung/eTrader/utils/util.js":{"path":"/Users/wudaijung/eTrader/utils/util.js","statementMap":{"0":{"start":{"line":1,"column":0},"end":{"line":1,"column":27}},"1":{"start":{"line":5,"column":18},"end":{"line":9,"column":1}},"2":{"start":{"line":6,"column":4},"end":{"line":8,"column":6}},"3":{"start":{"line":7,"column":8},"end":{"line":7,"column":39}},"4":{"start":{"line":11,"column":20},"end":{"line":20,"column":1}},"5":{"start":{"line":12,"column":17},"end":{"line":12,"column":38}},"6":{"start":{"line":13,"column":17},"end":{"line":13,"column":19}},"7":{"start":{"line":14,"column":4},"end":{"line":17,"column":5}},"8":{"start":{"line":15,"column":8},"end":{"line":15,"column":49}},"9":{"start":{"line":16,"column":8},"end":{"line":16,"column":52}},"10":{"start":{"line":18,"column":4},"end":{"line":18,"column":45}},"11":{"start":{"line":18,"column":18},"end":{"line":18,"column":43}},"12":{"start":{"line":19,"column":4},"end":{"line":19,"column":18}},"13":{"start":{"line":22,"column":16},"end":{"line":27,"column":1}},"14":{"start":{"line":23,"column":4},"end":{"line":25,"column":5}},"15":{"start":{"line":24,"column":8},"end":{"line":24,"column":44}},"16":{"start":{"line":26,"column":4},"end":{"line":26,"column":16}},"17":{"start":{"line":29,"column":13},"end":{"line":31,"column":1}},"18":{"start":{"line":30,"column":4},"end":{"line":30,"column":43}},"19":{"start":{"line":33,"column":21},"end":{"line":35,"column":1}},"20":{"start":{"line":34,"column":4},"end":{"line":34,"column":30}},"21":{"start":{"line":39,"column":0},"end":{"line":45,"column":2}}},"fnMap":{"0":{"name":"(anonymous_0)","decl":{"start":{"line":5,"column":18},"end":{"line":5,"column":19}},"loc":{"start":{"line":5,"column":26},"end":{"line":9,"column":1}},"line":5},"1":{"name":"(anonymous_1)","decl":{"start":{"line":6,"column":11},"end":{"line":6,"column":12}},"loc":{"start":{"line":6,"column":36},"end":{"line":8,"column":5}},"line":6},"2":{"name":"(anonymous_2)","decl":{"start":{"line":11,"column":20},"end":{"line":11,"column":21}},"loc":{"start":{"line":11,"column":35},"end":{"line":20,"column":1}},"line":11},"3":{"name":"(anonymous_3)","decl":{"start":{"line":22,"column":16},"end":{"line":22,"column":17}},"loc":{"start":{"line":22,"column":47},"end":{"line":27,"column":1}},"line":22},"4":{"name":"(anonymous_4)","decl":{"start":{"line":29,"column":13},"end":{"line":29,"column":14}},"loc":{"start":{"line":29,"column":33},"end":{"line":31,"column":1}},"line":29},"5":{"name":"(anonymous_5)","decl":{"start":{"line":33,"column":21},"end":{"line":33,"column":22}},"loc":{"start":{"line":33,"column":36},"end":{"line":35,"column":1}},"line":33}},"branchMap":{"0":{"loc":{"start":{"line":12,"column":18},"end":{"line":12,"column":26}},"type":"binary-expr","locations":[{"start":{"line":12,"column":18},"end":{"line":12,"column":21}},{"start":{"line":12,"column":25},"end":{"line":12,"column":26}}],"line":12},"1":{"loc":{"start":{"line":18,"column":4},"end":{"line":18,"column":45}},"type":"if","locations":[{"start":{"line":18,"column":4},"end":{"line":18,"column":45}},{"start":{"line":18,"column":4},"end":{"line":18,"column":45}}],"line":18},"2":{"loc":{"start":{"line":23,"column":4},"end":{"line":25,"column":5}},"type":"if","locations":[{"start":{"line":23,"column":4},"end":{"line":25,"column":5}},{"start":{"line":23,"column":4},"end":{"line":25,"column":5}}],"line":23},"3":{"loc":{"start":{"line":24,"column":15},"end":{"line":24,"column":43}},"type":"binary-expr","locations":[{"start":{"line":24,"column":15},"end":{"line":24,"column":35}},{"start":{"line":24,"column":39},"end":{"line":24,"column":43}}],"line":24}},"s":{"0":1,"1":1,"2":22,"3":14,"4":1,"5":0,"6":0,"7":0,"8":0,"9":0,"10":0,"11":0,"12":0,"13":1,"14":0,"15":0,"16":0,"17":1,"18":6,"19":1,"20":0,"21":1},"f":{"0":22,"1":14,"2":0,"3":0,"4":6,"5":0},"b":{"0":[0,0],"1":[0,0],"2":[0,0],"3":[0,0]},"_coverageSchema":"1a1c01bbd47fc00a2c39e90264f33305004495a9","hash":"0f64ed3ff8d60e5570973fd6f9143f325124c654","contentHash":"0889cc7a3e7f0bf8165f03d3e753e874500a91cfd09ff823fce916f6d4882264"},"/Users/wudaijung/eTrader/server/controllers/trade_controller.js":{"path":"/Users/wudaijung/eTrader/server/controllers/trade_controller.js","statementMap":{"0":{"start":{"line":1,"column":14},"end":{"line":1,"column":46}},"1":{"start":{"line":4,"column":17},"end":{"line":9,"column":1}},"2":{"start":{"line":5,"column":101},"end":{"line":5,"column":109}},"3":{"start":{"line":6,"column":18},"end":{"line":6,"column":42}},"4":{"start":{"line":7,"column":21},"end":{"line":7,"column":134}},"5":{"start":{"line":8,"column":4},"end":{"line":8,"column":43}},"6":{"start":{"line":11,"column":25},"end":{"line":13,"column":1}},"7":{"start":{"line":12,"column":4},"end":{"line":12,"column":35}},"8":{"start":{"line":15,"column":29},"end":{"line":17,"column":1}},"9":{"start":{"line":16,"column":4},"end":{"line":16,"column":39}},"10":{"start":{"line":19,"column":20},"end":{"line":23,"column":1}},"11":{"start":{"line":20,"column":19},"end":{"line":20,"column":27}},"12":{"start":{"line":21,"column":24},"end":{"line":21,"column":51}},"13":{"start":{"line":22,"column":4},"end":{"line":22,"column":46}},"14":{"start":{"line":25,"column":0},"end":{"line":30,"column":2}}},"fnMap":{"0":{"name":"(anonymous_0)","decl":{"start":{"line":4,"column":17},"end":{"line":4,"column":18}},"loc":{"start":{"line":4,"column":37},"end":{"line":9,"column":1}},"line":4},"1":{"name":"(anonymous_1)","decl":{"start":{"line":11,"column":25},"end":{"line":11,"column":26}},"loc":{"start":{"line":11,"column":37},"end":{"line":13,"column":1}},"line":11},"2":{"name":"(anonymous_2)","decl":{"start":{"line":15,"column":29},"end":{"line":15,"column":30}},"loc":{"start":{"line":15,"column":41},"end":{"line":17,"column":1}},"line":15},"3":{"name":"(anonymous_3)","decl":{"start":{"line":19,"column":20},"end":{"line":19,"column":21}},"loc":{"start":{"line":19,"column":40},"end":{"line":23,"column":1}},"line":19}},"branchMap":{},"s":{"0":1,"1":1,"2":0,"3":0,"4":0,"5":0,"6":1,"7":0,"8":1,"9":0,"10":1,"11":0,"12":0,"13":0,"14":1},"f":{"0":0,"1":0,"2":0,"3":0},"b":{},"_coverageSchema":"1a1c01bbd47fc00a2c39e90264f33305004495a9","hash":"aa33248f3e57692a828767df932378d6f8075d17","contentHash":"d064d3551085795500a64736eb7cacf1ec54c5457c06186a69e8c35216788b0e"},"/Users/wudaijung/eTrader/server/models/trade_model.js":{"path":"/Users/wudaijung/eTrader/server/models/trade_model.js","statementMap":{"0":{"start":{"line":1,"column":0},"end":{"line":1,"column":27}},"1":{"start":{"line":2,"column":26},"end":{"line":2,"column":37}},"2":{"start":{"line":3,"column":49},"end":{"line":3,"column":79}},"3":{"start":{"line":4,"column":11},"end":{"line":4,"column":56}},"4":{"start":{"line":5,"column":14},"end":{"line":5,"column":30}},"5":{"start":{"line":6,"column":10},"end":{"line":6,"column":27}},"6":{"start":{"line":7,"column":16},"end":{"line":7,"column":50}},"7":{"start":{"line":8,"column":23},"end":{"line":8,"column":47}},"8":{"start":{"line":9,"column":15},"end":{"line":9,"column":45}},"9":{"start":{"line":12,"column":17},"end":{"line":51,"column":1}},"10":{"start":{"line":13,"column":4},"end":{"line":15,"column":5}},"11":{"start":{"line":14,"column":8},"end":{"line":14,"column":31}},"12":{"start":{"line":16,"column":18},"end":{"line":16,"column":28}},"13":{"start":{"line":18,"column":4},"end":{"line":25,"column":5}},"14":{"start":{"line":20,"column":8},"end":{"line":20,"column":59}},"15":{"start":{"line":21,"column":8},"end":{"line":21,"column":14}},"16":{"start":{"line":23,"column":8},"end":{"line":23,"column":62}},"17":{"start":{"line":24,"column":8},"end":{"line":24,"column":14}},"18":{"start":{"line":26,"column":24},"end":{"line":26,"column":68}},"19":{"start":{"line":27,"column":23},"end":{"line":27,"column":54}},"20":{"start":{"line":28,"column":15},"end":{"line":28,"column":31}},"21":{"start":{"line":29,"column":26},"end":{"line":29,"column":40}},"22":{"start":{"line":30,"column":16},"end":{"line":41,"column":5}},"23":{"start":{"line":42,"column":4},"end":{"line":46,"column":5}},"24":{"start":{"line":43,"column":8},"end":{"line":43,"column":49}},"25":{"start":{"line":45,"column":8},"end":{"line":45,"column":37}},"26":{"start":{"line":47,"column":4},"end":{"line":47,"column":39}},"27":{"start":{"line":48,"column":21},"end":{"line":48,"column":47}},"28":{"start":{"line":49,"column":4},"end":{"line":49,"column":33}},"29":{"start":{"line":50,"column":4},"end":{"line":50,"column":94}},"30":{"start":{"line":53,"column":25},"end":{"line":88,"column":1}},"31":{"start":{"line":54,"column":18},"end":{"line":54,"column":28}},"32":{"start":{"line":55,"column":22},"end":{"line":55,"column":102}},"33":{"start":{"line":56,"column":26},"end":{"line":56,"column":75}},"34":{"start":{"line":57,"column":4},"end":{"line":59,"column":5}},"35":{"start":{"line":58,"column":8},"end":{"line":58,"column":15}},"36":{"start":{"line":60,"column":24},"end":{"line":60,"column":54}},"37":{"start":{"line":61,"column":4},"end":{"line":63,"column":7}},"38":{"start":{"line":62,"column":8},"end":{"line":62,"column":41}},"39":{"start":{"line":65,"column":26},"end":{"line":65,"column":64}},"40":{"start":{"line":65,"column":54},"end":{"line":65,"column":62}},"41":{"start":{"line":66,"column":4},"end":{"line":86,"column":5}},"42":{"start":{"line":67,"column":23},"end":{"line":67,"column":115}},"43":{"start":{"line":68,"column":29},"end":{"line":68,"column":44}},"44":{"start":{"line":69,"column":27},"end":{"line":69,"column":43}},"45":{"start":{"line":70,"column":8},"end":{"line":85,"column":9}},"46":{"start":{"line":70,"column":43},"end":{"line":70,"column":62}},"47":{"start":{"line":71,"column":34},"end":{"line":71,"column":82}},"48":{"start":{"line":71,"column":62},"end":{"line":71,"column":81}},"49":{"start":{"line":72,"column":26},"end":{"line":72,"column":59}},"50":{"start":{"line":73,"column":33},"end":{"line":73,"column":51}},"51":{"start":{"line":74,"column":30},"end":{"line":74,"column":103}},"52":{"start":{"line":75,"column":12},"end":{"line":83,"column":13}},"53":{"start":{"line":76,"column":16},"end":{"line":78,"column":17}},"54":{"start":{"line":77,"column":20},"end":{"line":77,"column":83}},"55":{"start":{"line":80,"column":16},"end":{"line":82,"column":17}},"56":{"start":{"line":81,"column":20},"end":{"line":81,"column":83}},"57":{"start":{"line":84,"column":12},"end":{"line":84,"column":52}},"58":{"start":{"line":87,"column":4},"end":{"line":87,"column":11}},"59":{"start":{"line":90,"column":29},"end":{"line":204,"column":1}},"60":{"start":{"line":91,"column":18},"end":{"line":91,"column":28}},"61":{"start":{"line":92,"column":22},"end":{"line":92,"column":98}},"62":{"start":{"line":93,"column":26},"end":{"line":93,"column":75}},"63":{"start":{"line":94,"column":4},"end":{"line":96,"column":5}},"64":{"start":{"line":95,"column":8},"end":{"line":95,"column":15}},"65":{"start":{"line":97,"column":24},"end":{"line":97,"column":54}},"66":{"start":{"line":98,"column":4},"end":{"line":202,"column":5}},"67":{"start":{"line":99,"column":8},"end":{"line":201,"column":9}},"68":{"start":{"line":100,"column":27},"end":{"line":100,"column":39}},"69":{"start":{"line":101,"column":36},"end":{"line":101,"column":57}},"70":{"start":{"line":102,"column":30},"end":{"line":102,"column":121}},"71":{"start":{"line":105,"column":12},"end":{"line":109,"column":13}},"72":{"start":{"line":106,"column":16},"end":{"line":106,"column":87}},"73":{"start":{"line":108,"column":16},"end":{"line":108,"column":43}},"74":{"start":{"line":110,"column":35},"end":{"line":110,"column":75}},"75":{"start":{"line":111,"column":12},"end":{"line":116,"column":13}},"76":{"start":{"line":112,"column":37},"end":{"line":112,"column":80}},"77":{"start":{"line":113,"column":16},"end":{"line":113,"column":62}},"78":{"start":{"line":113,"column":53},"end":{"line":113,"column":60}},"79":{"start":{"line":115,"column":16},"end":{"line":115,"column":64}},"80":{"start":{"line":115,"column":55},"end":{"line":115,"column":62}},"81":{"start":{"line":117,"column":33},"end":{"line":120,"column":13}},"82":{"start":{"line":126,"column":12},"end":{"line":135,"column":13}},"83":{"start":{"line":127,"column":16},"end":{"line":130,"column":18}},"84":{"start":{"line":128,"column":50},"end":{"line":128,"column":57}},"85":{"start":{"line":131,"column":16},"end":{"line":134,"column":18}},"86":{"start":{"line":132,"column":50},"end":{"line":132,"column":57}},"87":{"start":{"line":137,"column":12},"end":{"line":170,"column":13}},"88":{"start":{"line":139,"column":39},"end":{"line":139,"column":68}},"89":{"start":{"line":140,"column":16},"end":{"line":143,"column":18}},"90":{"start":{"line":144,"column":16},"end":{"line":144,"column":22}},"91":{"start":{"line":147,"column":16},"end":{"line":147,"column":42}},"92":{"start":{"line":148,"column":39},"end":{"line":148,"column":93}},"93":{"start":{"line":148,"column":77},"end":{"line":148,"column":92}},"94":{"start":{"line":149,"column":16},"end":{"line":152,"column":18}},"95":{"start":{"line":150,"column":80},"end":{"line":150,"column":87}},"96":{"start":{"line":153,"column":16},"end":{"line":153,"column":22}},"97":{"start":{"line":156,"column":16},"end":{"line":156,"column":75}},"98":{"start":{"line":157,"column":16},"end":{"line":157,"column":75}},"99":{"start":{"line":158,"column":16},"end":{"line":158,"column":22}},"100":{"start":{"line":161,"column":16},"end":{"line":161,"column":75}},"101":{"start":{"line":162,"column":16},"end":{"line":162,"column":75}},"102":{"start":{"line":163,"column":16},"end":{"line":163,"column":22}},"103":{"start":{"line":166,"column":16},"end":{"line":166,"column":75}},"104":{"start":{"line":167,"column":16},"end":{"line":167,"column":75}},"105":{"start":{"line":168,"column":16},"end":{"line":168,"column":22}},"106":{"start":{"line":172,"column":12},"end":{"line":185,"column":13}},"107":{"start":{"line":173,"column":16},"end":{"line":173,"column":121}},"108":{"start":{"line":174,"column":16},"end":{"line":184,"column":17}},"109":{"start":{"line":175,"column":20},"end":{"line":178,"column":22}},"110":{"start":{"line":180,"column":20},"end":{"line":183,"column":22}},"111":{"start":{"line":186,"column":27},"end":{"line":186,"column":29}},"112":{"start":{"line":187,"column":12},"end":{"line":196,"column":13}},"113":{"start":{"line":189,"column":16},"end":{"line":189,"column":57}},"114":{"start":{"line":190,"column":16},"end":{"line":190,"column":22}},"115":{"start":{"line":193,"column":16},"end":{"line":193,"column":59}},"116":{"start":{"line":194,"column":16},"end":{"line":194,"column":22}},"117":{"start":{"line":197,"column":12},"end":{"line":200,"column":13}},"118":{"start":{"line":198,"column":33},"end":{"line":198,"column":106}},"119":{"start":{"line":199,"column":16},"end":{"line":199,"column":105}},"120":{"start":{"line":203,"column":4},"end":{"line":203,"column":11}},"121":{"start":{"line":206,"column":20},"end":{"line":210,"column":1}},"122":{"start":{"line":207,"column":22},"end":{"line":207,"column":55}},"123":{"start":{"line":208,"column":4},"end":{"line":208,"column":31}},"124":{"start":{"line":209,"column":4},"end":{"line":209,"column":32}},"125":{"start":{"line":213,"column":24},"end":{"line":246,"column":1}},"126":{"start":{"line":214,"column":22},"end":{"line":214,"column":24}},"127":{"start":{"line":215,"column":4},"end":{"line":244,"column":5}},"128":{"start":{"line":216,"column":32},"end":{"line":216,"column":118}},"129":{"start":{"line":217,"column":30},"end":{"line":217,"column":103}},"130":{"start":{"line":218,"column":8},"end":{"line":243,"column":9}},"131":{"start":{"line":220,"column":30},"end":{"line":220,"column":113}},"132":{"start":{"line":220,"column":56},"end":{"line":220,"column":78}},"133":{"start":{"line":220,"column":98},"end":{"line":220,"column":108}},"134":{"start":{"line":221,"column":31},"end":{"line":221,"column":115}},"135":{"start":{"line":221,"column":57},"end":{"line":221,"column":80}},"136":{"start":{"line":221,"column":100},"end":{"line":221,"column":110}},"137":{"start":{"line":222,"column":12},"end":{"line":224,"column":13}},"138":{"start":{"line":223,"column":16},"end":{"line":223,"column":40}},"139":{"start":{"line":225,"column":12},"end":{"line":225,"column":18}},"140":{"start":{"line":228,"column":30},"end":{"line":228,"column":115}},"141":{"start":{"line":228,"column":56},"end":{"line":228,"column":80}},"142":{"start":{"line":228,"column":100},"end":{"line":228,"column":110}},"143":{"start":{"line":229,"column":31},"end":{"line":229,"column":122}},"144":{"start":{"line":229,"column":57},"end":{"line":229,"column":87}},"145":{"start":{"line":229,"column":107},"end":{"line":229,"column":117}},"146":{"start":{"line":230,"column":12},"end":{"line":232,"column":13}},"147":{"start":{"line":231,"column":16},"end":{"line":231,"column":40}},"148":{"start":{"line":233,"column":12},"end":{"line":233,"column":18}},"149":{"start":{"line":236,"column":12},"end":{"line":236,"column":36}},"150":{"start":{"line":237,"column":12},"end":{"line":237,"column":18}},"151":{"start":{"line":240,"column":12},"end":{"line":240,"column":36}},"152":{"start":{"line":241,"column":12},"end":{"line":241,"column":18}},"153":{"start":{"line":245,"column":4},"end":{"line":245,"column":23}},"154":{"start":{"line":249,"column":0},"end":{"line":254,"column":2}}},"fnMap":{"0":{"name":"(anonymous_0)","decl":{"start":{"line":12,"column":17},"end":{"line":12,"column":18}},"loc":{"start":{"line":12,"column":126},"end":{"line":51,"column":1}},"line":12},"1":{"name":"(anonymous_1)","decl":{"start":{"line":53,"column":25},"end":{"line":53,"column":26}},"loc":{"start":{"line":53,"column":43},"end":{"line":88,"column":1}},"line":53},"2":{"name":"(anonymous_2)","decl":{"start":{"line":61,"column":24},"end":{"line":61,"column":25}},"loc":{"start":{"line":61,"column":29},"end":{"line":63,"column":5}},"line":61},"3":{"name":"(anonymous_3)","decl":{"start":{"line":65,"column":49},"end":{"line":65,"column":50}},"loc":{"start":{"line":65,"column":54},"end":{"line":65,"column":62}},"line":65},"4":{"name":"(anonymous_4)","decl":{"start":{"line":70,"column":38},"end":{"line":70,"column":39}},"loc":{"start":{"line":70,"column":43},"end":{"line":70,"column":62}},"line":70},"5":{"name":"(anonymous_5)","decl":{"start":{"line":71,"column":57},"end":{"line":71,"column":58}},"loc":{"start":{"line":71,"column":62},"end":{"line":71,"column":81}},"line":71},"6":{"name":"(anonymous_6)","decl":{"start":{"line":90,"column":29},"end":{"line":90,"column":30}},"loc":{"start":{"line":90,"column":47},"end":{"line":204,"column":1}},"line":90},"7":{"name":"(anonymous_7)","decl":{"start":{"line":113,"column":48},"end":{"line":113,"column":49}},"loc":{"start":{"line":113,"column":53},"end":{"line":113,"column":60}},"line":113},"8":{"name":"(anonymous_8)","decl":{"start":{"line":115,"column":50},"end":{"line":115,"column":51}},"loc":{"start":{"line":115,"column":55},"end":{"line":115,"column":62}},"line":115},"9":{"name":"(anonymous_9)","decl":{"start":{"line":128,"column":45},"end":{"line":128,"column":46}},"loc":{"start":{"line":128,"column":50},"end":{"line":128,"column":57}},"line":128},"10":{"name":"(anonymous_10)","decl":{"start":{"line":132,"column":45},"end":{"line":132,"column":46}},"loc":{"start":{"line":132,"column":50},"end":{"line":132,"column":57}},"line":132},"11":{"name":"(anonymous_11)","decl":{"start":{"line":148,"column":72},"end":{"line":148,"column":73}},"loc":{"start":{"line":148,"column":77},"end":{"line":148,"column":92}},"line":148},"12":{"name":"(anonymous_12)","decl":{"start":{"line":150,"column":75},"end":{"line":150,"column":76}},"loc":{"start":{"line":150,"column":80},"end":{"line":150,"column":87}},"line":150},"13":{"name":"(anonymous_13)","decl":{"start":{"line":206,"column":20},"end":{"line":206,"column":21}},"loc":{"start":{"line":206,"column":40},"end":{"line":210,"column":1}},"line":206},"14":{"name":"(anonymous_14)","decl":{"start":{"line":213,"column":24},"end":{"line":213,"column":25}},"loc":{"start":{"line":213,"column":47},"end":{"line":246,"column":1}},"line":213},"15":{"name":"(anonymous_15)","decl":{"start":{"line":220,"column":51},"end":{"line":220,"column":52}},"loc":{"start":{"line":220,"column":56},"end":{"line":220,"column":78}},"line":220},"16":{"name":"(anonymous_16)","decl":{"start":{"line":220,"column":87},"end":{"line":220,"column":88}},"loc":{"start":{"line":220,"column":98},"end":{"line":220,"column":108}},"line":220},"17":{"name":"(anonymous_17)","decl":{"start":{"line":221,"column":52},"end":{"line":221,"column":53}},"loc":{"start":{"line":221,"column":57},"end":{"line":221,"column":80}},"line":221},"18":{"name":"(anonymous_18)","decl":{"start":{"line":221,"column":89},"end":{"line":221,"column":90}},"loc":{"start":{"line":221,"column":100},"end":{"line":221,"column":110}},"line":221},"19":{"name":"(anonymous_19)","decl":{"start":{"line":228,"column":51},"end":{"line":228,"column":52}},"loc":{"start":{"line":228,"column":56},"end":{"line":228,"column":80}},"line":228},"20":{"name":"(anonymous_20)","decl":{"start":{"line":228,"column":89},"end":{"line":228,"column":90}},"loc":{"start":{"line":228,"column":100},"end":{"line":228,"column":110}},"line":228},"21":{"name":"(anonymous_21)","decl":{"start":{"line":229,"column":52},"end":{"line":229,"column":53}},"loc":{"start":{"line":229,"column":57},"end":{"line":229,"column":87}},"line":229},"22":{"name":"(anonymous_22)","decl":{"start":{"line":229,"column":96},"end":{"line":229,"column":97}},"loc":{"start":{"line":229,"column":107},"end":{"line":229,"column":117}},"line":229}},"branchMap":{"0":{"loc":{"start":{"line":13,"column":4},"end":{"line":15,"column":5}},"type":"if","locations":[{"start":{"line":13,"column":4},"end":{"line":15,"column":5}},{"start":{"line":13,"column":4},"end":{"line":15,"column":5}}],"line":13},"1":{"loc":{"start":{"line":13,"column":8},"end":{"line":13,"column":48}},"type":"binary-expr","locations":[{"start":{"line":13,"column":8},"end":{"line":13,"column":29}},{"start":{"line":13,"column":33},"end":{"line":13,"column":48}}],"line":13},"2":{"loc":{"start":{"line":18,"column":4},"end":{"line":25,"column":5}},"type":"switch","locations":[{"start":{"line":19,"column":4},"end":{"line":21,"column":14}},{"start":{"line":22,"column":4},"end":{"line":24,"column":14}}],"line":18},"3":{"loc":{"start":{"line":42,"column":4},"end":{"line":46,"column":5}},"type":"if","locations":[{"start":{"line":42,"column":4},"end":{"line":46,"column":5}},{"start":{"line":42,"column":4},"end":{"line":46,"column":5}}],"line":42},"4":{"loc":{"start":{"line":57,"column":4},"end":{"line":59,"column":5}},"type":"if","locations":[{"start":{"line":57,"column":4},"end":{"line":59,"column":5}},{"start":{"line":57,"column":4},"end":{"line":59,"column":5}}],"line":57},"5":{"loc":{"start":{"line":75,"column":12},"end":{"line":83,"column":13}},"type":"if","locations":[{"start":{"line":75,"column":12},"end":{"line":83,"column":13}},{"start":{"line":75,"column":12},"end":{"line":83,"column":13}}],"line":75},"6":{"loc":{"start":{"line":75,"column":16},"end":{"line":75,"column":94}},"type":"binary-expr","locations":[{"start":{"line":75,"column":16},"end":{"line":75,"column":49}},{"start":{"line":75,"column":53},"end":{"line":75,"column":94}}],"line":75},"7":{"loc":{"start":{"line":76,"column":16},"end":{"line":78,"column":17}},"type":"if","locations":[{"start":{"line":76,"column":16},"end":{"line":78,"column":17}},{"start":{"line":76,"column":16},"end":{"line":78,"column":17}}],"line":76},"8":{"loc":{"start":{"line":80,"column":16},"end":{"line":82,"column":17}},"type":"if","locations":[{"start":{"line":80,"column":16},"end":{"line":82,"column":17}},{"start":{"line":80,"column":16},"end":{"line":82,"column":17}}],"line":80},"9":{"loc":{"start":{"line":94,"column":4},"end":{"line":96,"column":5}},"type":"if","locations":[{"start":{"line":94,"column":4},"end":{"line":96,"column":5}},{"start":{"line":94,"column":4},"end":{"line":96,"column":5}}],"line":94},"10":{"loc":{"start":{"line":99,"column":8},"end":{"line":201,"column":9}},"type":"if","locations":[{"start":{"line":99,"column":8},"end":{"line":201,"column":9}},{"start":{"line":99,"column":8},"end":{"line":201,"column":9}}],"line":99},"11":{"loc":{"start":{"line":105,"column":12},"end":{"line":109,"column":13}},"type":"if","locations":[{"start":{"line":105,"column":12},"end":{"line":109,"column":13}},{"start":{"line":105,"column":12},"end":{"line":109,"column":13}}],"line":105},"12":{"loc":{"start":{"line":111,"column":12},"end":{"line":116,"column":13}},"type":"if","locations":[{"start":{"line":111,"column":12},"end":{"line":116,"column":13}},{"start":{"line":111,"column":12},"end":{"line":116,"column":13}}],"line":111},"13":{"loc":{"start":{"line":126,"column":12},"end":{"line":135,"column":13}},"type":"if","locations":[{"start":{"line":126,"column":12},"end":{"line":135,"column":13}},{"start":{"line":126,"column":12},"end":{"line":135,"column":13}}],"line":126},"14":{"loc":{"start":{"line":137,"column":12},"end":{"line":170,"column":13}},"type":"switch","locations":[{"start":{"line":138,"column":12},"end":{"line":145,"column":13}},{"start":{"line":146,"column":12},"end":{"line":154,"column":13}},{"start":{"line":155,"column":12},"end":{"line":159,"column":13}},{"start":{"line":160,"column":12},"end":{"line":164,"column":13}},{"start":{"line":165,"column":12},"end":{"line":169,"column":13}}],"line":137},"15":{"loc":{"start":{"line":172,"column":12},"end":{"line":185,"column":13}},"type":"if","locations":[{"start":{"line":172,"column":12},"end":{"line":185,"column":13}},{"start":{"line":172,"column":12},"end":{"line":185,"column":13}}],"line":172},"16":{"loc":{"start":{"line":174,"column":16},"end":{"line":184,"column":17}},"type":"if","locations":[{"start":{"line":174,"column":16},"end":{"line":184,"column":17}},{"start":{"line":174,"column":16},"end":{"line":184,"column":17}}],"line":174},"17":{"loc":{"start":{"line":187,"column":12},"end":{"line":196,"column":13}},"type":"switch","locations":[{"start":{"line":188,"column":12},"end":{"line":191,"column":13}},{"start":{"line":192,"column":12},"end":{"line":195,"column":13}}],"line":187},"18":{"loc":{"start":{"line":197,"column":12},"end":{"line":200,"column":13}},"type":"if","locations":[{"start":{"line":197,"column":12},"end":{"line":200,"column":13}},{"start":{"line":197,"column":12},"end":{"line":200,"column":13}}],"line":197},"19":{"loc":{"start":{"line":218,"column":8},"end":{"line":243,"column":9}},"type":"switch","locations":[{"start":{"line":219,"column":8},"end":{"line":226,"column":9}},{"start":{"line":227,"column":8},"end":{"line":234,"column":9}},{"start":{"line":235,"column":8},"end":{"line":238,"column":9}},{"start":{"line":239,"column":8},"end":{"line":242,"column":9}}],"line":218},"20":{"loc":{"start":{"line":222,"column":12},"end":{"line":224,"column":13}},"type":"if","locations":[{"start":{"line":222,"column":12},"end":{"line":224,"column":13}},{"start":{"line":222,"column":12},"end":{"line":224,"column":13}}],"line":222},"21":{"loc":{"start":{"line":230,"column":12},"end":{"line":232,"column":13}},"type":"if","locations":[{"start":{"line":230,"column":12},"end":{"line":232,"column":13}},{"start":{"line":230,"column":12},"end":{"line":232,"column":13}}],"line":230}},"s":{"0":1,"1":1,"2":1,"3":1,"4":1,"5":1,"6":1,"7":1,"8":1,"9":1,"10":0,"11":0,"12":0,"13":0,"14":0,"15":0,"16":0,"17":0,"18":0,"19":0,"20":0,"21":0,"22":0,"23":0,"24":0,"25":0,"26":0,"27":0,"28":0,"29":0,"30":1,"31":0,"32":0,"33":0,"34":0,"35":0,"36":0,"37":0,"38":0,"39":0,"40":0,"41":0,"42":0,"43":0,"44":0,"45":0,"46":0,"47":0,"48":0,"49":0,"50":0,"51":0,"52":0,"53":0,"54":0,"55":0,"56":0,"57":0,"58":0,"59":1,"60":0,"61":0,"62":0,"63":0,"64":0,"65":0,"66":0,"67":0,"68":0,"69":0,"70":0,"71":0,"72":0,"73":0,"74":0,"75":0,"76":0,"77":0,"78":0,"79":0,"80":0,"81":0,"82":0,"83":0,"84":0,"85":0,"86":0,"87":0,"88":0,"89":0,"90":0,"91":0,"92":0,"93":0,"94":0,"95":0,"96":0,"97":0,"98":0,"99":0,"100":0,"101":0,"102":0,"103":0,"104":0,"105":0,"106":0,"107":0,"108":0,"109":0,"110":0,"111":0,"112":0,"113":0,"114":0,"115":0,"116":0,"117":0,"118":0,"119":0,"120":0,"121":1,"122":0,"123":0,"124":0,"125":1,"126":0,"127":0,"128":0,"129":0,"130":0,"131":0,"132":0,"133":0,"134":0,"135":0,"136":0,"137":0,"138":0,"139":0,"140":0,"141":0,"142":0,"143":0,"144":0,"145":0,"146":0,"147":0,"148":0,"149":0,"150":0,"151":0,"152":0,"153":0,"154":1},"f":{"0":0,"1":0,"2":0,"3":0,"4":0,"5":0,"6":0,"7":0,"8":0,"9":0,"10":0,"11":0,"12":0,"13":0,"14":0,"15":0,"16":0,"17":0,"18":0,"19":0,"20":0,"21":0,"22":0},"b":{"0":[0,0],"1":[0,0],"2":[0,0],"3":[0,0],"4":[0,0],"5":[0,0],"6":[0,0],"7":[0,0],"8":[0,0],"9":[0,0],"10":[0,0],"11":[0,0],"12":[0,0],"13":[0,0],"14":[0,0,0,0,0],"15":[0,0],"16":[0,0],"17":[0,0],"18":[0,0],"19":[0,0,0,0],"20":[0,0],"21":[0,0]},"_coverageSchema":"1a1c01bbd47fc00a2c39e90264f33305004495a9","hash":"34fceaa3d3e9efbf2ff8b504c6be8001852f0374","contentHash":"a78edd8c9e40ef368fd6acb6d7a7618e1a3be81f50dbe36cdd8860e750bcf3e7"},"/Users/wudaijung/eTrader/server/controllers/socket_controller.js":{"path":"/Users/wudaijung/eTrader/server/controllers/socket_controller.js","statementMap":{"0":{"start":{"line":1,"column":28},"end":{"line":1,"column":60}},"1":{"start":{"line":2,"column":23},"end":{"line":2,"column":54}},"2":{"start":{"line":4,"column":15},"end":{"line":42,"column":1}},"3":{"start":{"line":5,"column":4},"end":{"line":41,"column":7}},"4":{"start":{"line":6,"column":25},"end":{"line":6,"column":49}},"5":{"start":{"line":7,"column":27},"end":{"line":7,"column":53}},"6":{"start":{"line":8,"column":23},"end":{"line":8,"column":45}},"7":{"start":{"line":9,"column":8},"end":{"line":24,"column":11}},"8":{"start":{"line":10,"column":12},"end":{"line":10,"column":69}},"9":{"start":{"line":11,"column":12},"end":{"line":13,"column":13}},"10":{"start":{"line":12,"column":16},"end":{"line":12,"column":47}},"11":{"start":{"line":14,"column":12},"end":{"line":16,"column":22}},"12":{"start":{"line":15,"column":16},"end":{"line":15,"column":73}},"13":{"start":{"line":17,"column":12},"end":{"line":20,"column":13}},"14":{"start":{"line":18,"column":16},"end":{"line":18,"column":54}},"15":{"start":{"line":19,"column":16},"end":{"line":19,"column":47}},"16":{"start":{"line":21,"column":12},"end":{"line":23,"column":15}},"17":{"start":{"line":22,"column":16},"end":{"line":22,"column":47}},"18":{"start":{"line":25,"column":8},"end":{"line":40,"column":11}},"19":{"start":{"line":26,"column":12},"end":{"line":26,"column":64}},"20":{"start":{"line":27,"column":12},"end":{"line":29,"column":13}},"21":{"start":{"line":28,"column":16},"end":{"line":28,"column":48}},"22":{"start":{"line":30,"column":12},"end":{"line":32,"column":22}},"23":{"start":{"line":31,"column":16},"end":{"line":31,"column":67}},"24":{"start":{"line":33,"column":12},"end":{"line":36,"column":13}},"25":{"start":{"line":34,"column":16},"end":{"line":34,"column":54}},"26":{"start":{"line":35,"column":16},"end":{"line":35,"column":48}},"27":{"start":{"line":37,"column":12},"end":{"line":39,"column":15}},"28":{"start":{"line":38,"column":16},"end":{"line":38,"column":48}},"29":{"start":{"line":44,"column":0},"end":{"line":46,"column":2}}},"fnMap":{"0":{"name":"(anonymous_0)","decl":{"start":{"line":4,"column":15},"end":{"line":4,"column":16}},"loc":{"start":{"line":4,"column":29},"end":{"line":42,"column":1}},"line":4},"1":{"name":"(anonymous_1)","decl":{"start":{"line":5,"column":24},"end":{"line":5,"column":25}},"loc":{"start":{"line":5,"column":36},"end":{"line":41,"column":5}},"line":5},"2":{"name":"(anonymous_2)","decl":{"start":{"line":9,"column":28},"end":{"line":9,"column":29}},"loc":{"start":{"line":9,"column":46},"end":{"line":24,"column":9}},"line":9},"3":{"name":"(anonymous_3)","decl":{"start":{"line":14,"column":42},"end":{"line":14,"column":43}},"loc":{"start":{"line":14,"column":54},"end":{"line":16,"column":13}},"line":14},"4":{"name":"(anonymous_4)","decl":{"start":{"line":21,"column":36},"end":{"line":21,"column":37}},"loc":{"start":{"line":21,"column":42},"end":{"line":23,"column":13}},"line":21},"5":{"name":"(anonymous_5)","decl":{"start":{"line":25,"column":27},"end":{"line":25,"column":28}},"loc":{"start":{"line":25,"column":44},"end":{"line":40,"column":9}},"line":25},"6":{"name":"(anonymous_6)","decl":{"start":{"line":30,"column":43},"end":{"line":30,"column":44}},"loc":{"start":{"line":30,"column":55},"end":{"line":32,"column":13}},"line":30},"7":{"name":"(anonymous_7)","decl":{"start":{"line":37,"column":36},"end":{"line":37,"column":37}},"loc":{"start":{"line":37,"column":42},"end":{"line":39,"column":13}},"line":37}},"branchMap":{"0":{"loc":{"start":{"line":11,"column":12},"end":{"line":13,"column":13}},"type":"if","locations":[{"start":{"line":11,"column":12},"end":{"line":13,"column":13}},{"start":{"line":11,"column":12},"end":{"line":13,"column":13}}],"line":11},"1":{"loc":{"start":{"line":17,"column":12},"end":{"line":20,"column":13}},"type":"if","locations":[{"start":{"line":17,"column":12},"end":{"line":20,"column":13}},{"start":{"line":17,"column":12},"end":{"line":20,"column":13}}],"line":17},"2":{"loc":{"start":{"line":17,"column":16},"end":{"line":17,"column":140}},"type":"binary-expr","locations":[{"start":{"line":17,"column":17},"end":{"line":17,"column":31}},{"start":{"line":17,"column":35},"end":{"line":17,"column":49}},{"start":{"line":17,"column":55},"end":{"line":17,"column":70}},{"start":{"line":17,"column":74},"end":{"line":17,"column":88}},{"start":{"line":17,"column":92},"end":{"line":17,"column":107}},{"start":{"line":17,"column":112},"end":{"line":17,"column":124}},{"start":{"line":17,"column":128},"end":{"line":17,"column":140}}],"line":17},"3":{"loc":{"start":{"line":27,"column":12},"end":{"line":29,"column":13}},"type":"if","locations":[{"start":{"line":27,"column":12},"end":{"line":29,"column":13}},{"start":{"line":27,"column":12},"end":{"line":29,"column":13}}],"line":27},"4":{"loc":{"start":{"line":33,"column":12},"end":{"line":36,"column":13}},"type":"if","locations":[{"start":{"line":33,"column":12},"end":{"line":36,"column":13}},{"start":{"line":33,"column":12},"end":{"line":36,"column":13}}],"line":33},"5":{"loc":{"start":{"line":33,"column":16},"end":{"line":33,"column":140}},"type":"binary-expr","locations":[{"start":{"line":33,"column":17},"end":{"line":33,"column":31}},{"start":{"line":33,"column":35},"end":{"line":33,"column":49}},{"start":{"line":33,"column":55},"end":{"line":33,"column":70}},{"start":{"line":33,"column":74},"end":{"line":33,"column":88}},{"start":{"line":33,"column":92},"end":{"line":33,"column":107}},{"start":{"line":33,"column":112},"end":{"line":33,"column":124}},{"start":{"line":33,"column":128},"end":{"line":33,"column":140}}],"line":33}},"s":{"0":1,"1":1,"2":1,"3":1,"4":0,"5":0,"6":0,"7":0,"8":0,"9":0,"10":0,"11":0,"12":0,"13":0,"14":0,"15":0,"16":0,"17":0,"18":0,"19":0,"20":0,"21":0,"22":0,"23":0,"24":0,"25":0,"26":0,"27":0,"28":0,"29":1},"f":{"0":1,"1":0,"2":0,"3":0,"4":0,"5":0,"6":0,"7":0},"b":{"0":[0,0],"1":[0,0],"2":[0,0,0,0,0,0,0],"3":[0,0],"4":[0,0],"5":[0,0,0,0,0,0,0]},"_coverageSchema":"1a1c01bbd47fc00a2c39e90264f33305004495a9","hash":"7f3dadcd78eea07b6fa2a24885542544d15a204d","contentHash":"4dcd12ec283e4c185068ddd84d62472b576e6693382da53f96b4b9b00d3c65ce"},"/Users/wudaijung/eTrader/server/models/user_model.js":{"path":"/Users/wudaijung/eTrader/server/models/user_model.js","statementMap":{"0":{"start":{"line":1,"column":0},"end":{"line":1,"column":27}},"1":{"start":{"line":2,"column":17},"end":{"line":2,"column":37}},"2":{"start":{"line":3,"column":15},"end":{"line":3,"column":32}},"3":{"start":{"line":4,"column":28},"end":{"line":4,"column":39}},"4":{"start":{"line":5,"column":14},"end":{"line":5,"column":30}},"5":{"start":{"line":6,"column":10},"end":{"line":6,"column":27}},"6":{"start":{"line":7,"column":16},"end":{"line":7,"column":50}},"7":{"start":{"line":8,"column":23},"end":{"line":8,"column":53}},"8":{"start":{"line":10,"column":15},"end":{"line":33,"column":1}},"9":{"start":{"line":11,"column":19},"end":{"line":11,"column":92}},"10":{"start":{"line":12,"column":4},"end":{"line":14,"column":5}},"11":{"start":{"line":13,"column":8},"end":{"line":13,"column":47}},"12":{"start":{"line":15,"column":20},"end":{"line":15,"column":30}},"13":{"start":{"line":16,"column":16},"end":{"line":16,"column":43}},"14":{"start":{"line":17,"column":4},"end":{"line":17,"column":43}},"15":{"start":{"line":18,"column":24},"end":{"line":18,"column":41}},"16":{"start":{"line":19,"column":17},"end":{"line":25,"column":5}},"17":{"start":{"line":26,"column":22},"end":{"line":26,"column":46}},"18":{"start":{"line":27,"column":19},"end":{"line":27,"column":47}},"19":{"start":{"line":28,"column":4},"end":{"line":28,"column":30}},"20":{"start":{"line":29,"column":4},"end":{"line":29,"column":25}},"21":{"start":{"line":30,"column":4},"end":{"line":30,"column":29}},"22":{"start":{"line":31,"column":4},"end":{"line":31,"column":27}},"23":{"start":{"line":32,"column":4},"end":{"line":32,"column":40}},"24":{"start":{"line":35,"column":15},"end":{"line":52,"column":1}},"25":{"start":{"line":36,"column":18},"end":{"line":36,"column":76}},"26":{"start":{"line":37,"column":17},"end":{"line":37,"column":25}},"27":{"start":{"line":38,"column":4},"end":{"line":40,"column":5}},"28":{"start":{"line":39,"column":8},"end":{"line":39,"column":47}},"29":{"start":{"line":41,"column":4},"end":{"line":43,"column":5}},"30":{"start":{"line":42,"column":8},"end":{"line":42,"column":44}},"31":{"start":{"line":44,"column":24},"end":{"line":44,"column":45}},"32":{"start":{"line":45,"column":20},"end":{"line":45,"column":30}},"33":{"start":{"line":46,"column":22},"end":{"line":46,"column":67}},"34":{"start":{"line":47,"column":4},"end":{"line":47,"column":47}},"35":{"start":{"line":48,"column":4},"end":{"line":48,"column":25}},"36":{"start":{"line":49,"column":4},"end":{"line":49,"column":29}},"37":{"start":{"line":50,"column":4},"end":{"line":50,"column":27}},"38":{"start":{"line":51,"column":4},"end":{"line":51,"column":40}},"39":{"start":{"line":54,"column":23},"end":{"line":73,"column":1}},"40":{"start":{"line":55,"column":22},"end":{"line":55,"column":77}},"41":{"start":{"line":56,"column":34},"end":{"line":56,"column":63}},"42":{"start":{"line":57,"column":4},"end":{"line":59,"column":5}},"43":{"start":{"line":58,"column":8},"end":{"line":58,"column":47}},"44":{"start":{"line":60,"column":20},"end":{"line":60,"column":22}},"45":{"start":{"line":61,"column":4},"end":{"line":65,"column":5}},"46":{"start":{"line":62,"column":8},"end":{"line":62,"column":23}},"47":{"start":{"line":64,"column":8},"end":{"line":64,"column":66}},"48":{"start":{"line":66,"column":4},"end":{"line":71,"column":5}},"49":{"start":{"line":67,"column":8},"end":{"line":67,"column":31}},"50":{"start":{"line":68,"column":29},"end":{"line":68,"column":48}},"51":{"start":{"line":69,"column":26},"end":{"line":69,"column":70}},"52":{"start":{"line":70,"column":8},"end":{"line":70,"column":76}},"53":{"start":{"line":72,"column":4},"end":{"line":72,"column":23}},"54":{"start":{"line":75,"column":28},"end":{"line":94,"column":1}},"55":{"start":{"line":76,"column":22},"end":{"line":76,"column":77}},"56":{"start":{"line":77,"column":34},"end":{"line":77,"column":63}},"57":{"start":{"line":78,"column":4},"end":{"line":80,"column":5}},"58":{"start":{"line":79,"column":8},"end":{"line":79,"column":47}},"59":{"start":{"line":81,"column":20},"end":{"line":81,"column":22}},"60":{"start":{"line":82,"column":4},"end":{"line":86,"column":5}},"61":{"start":{"line":83,"column":8},"end":{"line":83,"column":23}},"62":{"start":{"line":85,"column":8},"end":{"line":85,"column":66}},"63":{"start":{"line":87,"column":4},"end":{"line":92,"column":5}},"64":{"start":{"line":88,"column":8},"end":{"line":88,"column":56}},"65":{"start":{"line":88,"column":42},"end":{"line":88,"column":54}},"66":{"start":{"line":89,"column":29},"end":{"line":89,"column":48}},"67":{"start":{"line":90,"column":26},"end":{"line":90,"column":70}},"68":{"start":{"line":91,"column":8},"end":{"line":91,"column":76}},"69":{"start":{"line":93,"column":4},"end":{"line":93,"column":23}},"70":{"start":{"line":96,"column":21},"end":{"line":129,"column":1}},"71":{"start":{"line":97,
[...]
column":5}},"175":{"start":{"line":309,"column":8},"end":{"line":309,"column":47}},"176":{"start":{"line":311,"column":15},"end":{"line":326,"column":5}},"177":{"start":{"line":327,"column":22},"end":{"line":327,"column":57}},"178":{"start":{"line":328,"column":4},"end":{"line":328,"column":33}},"179":{"start":{"line":329,"column":4},"end":{"line":329,"column":27}},"180":{"start":{"line":330,"column":4},"end":{"line":330,"column":16}},"181":{"start":{"line":333,"column":24},"end":{"line":349,"column":1}},"182":{"start":{"line":334,"column":22},"end":{"line":334,"column":66}},"183":{"start":{"line":335,"column":15},"end":{"line":335,"column":44}},"184":{"start":{"line":336,"column":4},"end":{"line":338,"column":5}},"185":{"start":{"line":337,"column":8},"end":{"line":337,"column":47}},"186":{"start":{"line":339,"column":27},"end":{"line":339,"column":93}},"187":{"start":{"line":340,"column":35},"end":{"line":340,"column":72}},"188":{"start":{"line":341,"column":4},"end":{"line":347,"column":7}},"189":{"start":{"line":342,"column":8},"end":{"line":342,"column":42}},"190":{"start":{"line":343,"column":8},"end":{"line":346,"column":9}},"191":{"start":{"line":344,"column":12},"end":{"line":344,"column":54}},"192":{"start":{"line":345,"column":12},"end":{"line":345,"column":50}},"193":{"start":{"line":348,"column":4},"end":{"line":348,"column":34}},"194":{"start":{"line":352,"column":22},"end":{"line":387,"column":1}},"195":{"start":{"line":353,"column":21},"end":{"line":353,"column":23}},"196":{"start":{"line":354,"column":28},"end":{"line":354,"column":29}},"197":{"start":{"line":355,"column":21},"end":{"line":355,"column":23}},"198":{"start":{"line":356,"column":26},"end":{"line":356,"column":27}},"199":{"start":{"line":357,"column":19},"end":{"line":357,"column":21}},"200":{"start":{"line":358,"column":4},"end":{"line":385,"column":5}},"201":{"start":{"line":358,"column":30},"end":{"line":358,"column":78}},"202":{"start":{"line":359,"column":28},"end":{"line":359,"column":96}},"203":{"start":{"line":359,"column":47},"end":{"line":359,"column":95}},"204":{"start":{"line":360,"column":8},"end":{"line":369,"column":9}},"205":{"start":{"line":361,"column":12},"end":{"line":361,"column":58}},"206":{"start":{"line":362,"column":12},"end":{"line":367,"column":14}},"207":{"start":{"line":368,"column":12},"end":{"line":368,"column":41}},"208":{"start":{"line":370,"column":26},"end":{"line":370,"column":94}},"209":{"start":{"line":370,"column":45},"end":{"line":370,"column":93}},"210":{"start":{"line":371,"column":8},"end":{"line":380,"column":9}},"211":{"start":{"line":372,"column":12},"end":{"line":372,"column":54}},"212":{"start":{"line":373,"column":12},"end":{"line":378,"column":14}},"213":{"start":{"line":379,"column":12},"end":{"line":379,"column":39}},"214":{"start":{"line":381,"column":8},"end":{"line":384,"column":9}},"215":{"start":{"line":382,"column":12},"end":{"line":382,"column":40}},"216":{"start":{"line":383,"column":12},"end":{"line":383,"column":38}},"217":{"start":{"line":386,"column":4},"end":{"line":386,"column":22}},"218":{"start":{"line":390,"column":0},"end":{"line":395,"column":2}}},"fnMap":{"0":{"name":"(anonymous_0)","decl":{"start":{"line":9,"column":26},"end":{"line":9,"column":27}},"loc":{"start":{"line":9,"column":87},"end":{"line":70,"column":1}},"line":9},"1":{"name":"(anonymous_1)","decl":{"start":{"line":15,"column":31},"end":{"line":15,"column":32}},"loc":{"start":{"line":15,"column":37},"end":{"line":19,"column":9}},"line":15},"2":{"name":"(anonymous_2)","decl":{"start":{"line":19,"column":19},"end":{"line":19,"column":20}},"loc":{"start":{"line":19,"column":24},"end":{"line":19,"column":88}},"line":19},"3":{"name":"(anonymous_3)","decl":{"start":{"line":25,"column":27},"end":{"line":25,"column":28}},"loc":{"start":{"line":25,"column":32},"end":{"line":25,"column":39}},"line":25},"4":{"name":"(anonymous_4)","decl":{"start":{"line":62,"column":26},"end":{"line":62,"column":27}},"loc":{"start":{"line":62,"column":31},"end":{"line":62,"column":37}},"line":62},"5":{"name":"(anonymous_5)","decl":{"start":{"line":63,"column":27},"end":{"line":63,"column":28}},"loc":{"start":{"line":63,"column":32},"end":{"line":63,"column":39}},"line":63},"6":{"name":"(anonymous_6)","decl":{"start":{"line":73,"column":26},"end":{"line":73,"column":27}},"loc":{"start":{"line":73,"column":151},"end":{"line":298,"column":1}},"line":73},"7":{"name":"(anonymous_7)","decl":{"start":{"line":79,"column":31},"end":{"line":79,"column":32}},"loc":{"start":{"line":79,"column":37},"end":{"line":83,"column":9}},"line":79},"8":{"name":"(anonymous_8)","decl":{"start":{"line":83,"column":19},"end":{"line":83,"column":20}},"loc":{"start":{"line":83,"column":24},"end":{"line":83,"column":88}},"line":83},"9":{"name":"(anonymous_9)","decl":{"start":{"line":89,"column":27},"end":{"line":89,"column":28}},"loc":{"start":{"line":89,"column":32},"end":{"line":89,"column":39}},"line":89},"10":{"name":"(anonymous_10)","decl":{"start":{"line":99,"column":31},"end":{"line":99,"column":32}},"loc":{"start":{"line":99,"column":36},"end":{"line":99,"column":43}},"line":99},"11":{"name":"(anonymous_11)","decl":{"start":{"line":103,"column":31},"end":{"line":103,"column":32}},"loc":{"start":{"line":103,"column":36},"end":{"line":103,"column":43}},"line":103},"12":{"name":"(anonymous_12)","decl":{"start":{"line":109,"column":36},"end":{"line":109,"column":37}},"loc":{"start":{"line":109,"column":41},"end":{"line":109,"column":48}},"line":109},"13":{"name":"(anonymous_13)","decl":{"start":{"line":158,"column":30},"end":{"line":158,"column":31}},"loc":{"start":{"line":158,"column":35},"end":{"line":158,"column":42}},"line":158},"14":{"name":"(anonymous_14)","decl":{"start":{"line":159,"column":63},"end":{"line":159,"column":64}},"loc":{"start":{"line":159,"column":68},"end":{"line":159,"column":82}},"line":159},"15":{"name":"(anonymous_15)","decl":{"start":{"line":162,"column":30},"end":{"line":162,"column":31}},"loc":{"start":{"line":162,"column":35},"end":{"line":162,"column":42}},"line":162},"16":{"name":"(anonymous_16)","decl":{"start":{"line":163,"column":63},"end":{"line":163,"column":64}},"loc":{"start":{"line":163,"column":68},"end":{"line":163,"column":80}},"line":163},"17":{"name":"(anonymous_17)","decl":{"start":{"line":217,"column":35},"end":{"line":217,"column":36}},"loc":{"start":{"line":217,"column":40},"end":{"line":217,"column":50}},"line":217},"18":{"name":"(anonymous_18)","decl":{"start":{"line":218,"column":45},"end":{"line":218,"column":46}},"loc":{"start":{"line":218,"column":50},"end":{"line":218,"column":60}},"line":218},"19":{"name":"(anonymous_19)","decl":{"start":{"line":225,"column":33},"end":{"line":225,"column":34}},"loc":{"start":{"line":225,"column":38},"end":{"line":225,"column":48}},"line":225},"20":{"name":"(anonymous_20)","decl":{"start":{"line":226,"column":43},"end":{"line":226,"column":44}},"loc":{"start":{"line":226,"column":48},"end":{"line":226,"column":58}},"line":226},"21":{"name":"(anonymous_21)","decl":{"start":{"line":233,"column":26},"end":{"line":233,"column":27}},"loc":{"start":{"line":233,"column":31},"end":{"line":233,"column":37}},"line":233},"22":{"name":"(anonymous_22)","decl":{"start":{"line":235,"column":27},"end":{"line":235,"column":28}},"loc":{"start":{"line":235,"column":32},"end":{"line":235,"column":39}},"line":235},"23":{"name":"(anonymous_23)","decl":{"start":{"line":243,"column":41},"end":{"line":243,"column":42}},"loc":{"start":{"line":243,"column":47},"end":{"line":246,"column":9}},"line":243},"24":{"name":"(anonymous_24)","decl":{"start":{"line":247,"column":37},"end":{"line":247,"column":38}},"loc":{"start":{"line":247,"column":43},"end":{"line":250,"column":9}},"line":247},"25":{"name":"(anonymous_25)","decl":{"start":{"line":254,"column":41},"end":{"line":254,"column":42}},"loc":{"start":{"line":254,"column":47},"end":{"line":257,"column":9}},"line":254},"26":{"name":"(anonymous_26)","decl":{"start":{"line":258,"column":37},"end":{"line":258,"column":38}},"loc":{"start":{"line":258,"column":43},"end":{"line":261,"column":9}},"line":258},"27":{"name":"(anonymous_27)","decl":{"start":{"line":279,"column":38},"end":{"line":279,"column":39}},"loc":{"start":{"line":279,"column":43},"end":{"line":279,"column":62}},"line":279},"28":{"name":"(anonymous_28)","decl":{"start":{"line":279,"column":71},"end":{"line":279,"column":72}},"loc":{"start":{"line":279,"column":81},"end":{"line":279,"column":90}},"line":279},"29":{"name":"(anonymous_29)","decl":{"start":{"line":280,"column":35},"end":{"line":280,"column":36}},"loc":{"start":{"line":280,"column":40},"end":{"line":280,"column":58}},"line":280},"30":{"name":"(anonymous_30)","decl":{"start":{"line":280,"column":67},"end":{"line":280,"column":68}},"loc":{"start":{"line":280,"column":77},"end":{"line":280,"column":86}},"line":280},"31":{"name":"(anonymous_31)","decl":{"start":{"line":301,"column":27},"end":{"line":301,"column":28}},"loc":{"start":{"line":301,"column":182},"end":{"line":331,"column":1}},"line":301},"32":{"name":"(anonymous_32)","decl":{"start":{"line":333,"column":24},"end":{"line":333,"column":25}},"loc":{"start":{"line":333,"column":47},"end":{"line":349,"column":1}},"line":333},"33":{"name":"(anonymous_33)","decl":{"start":{"line":341,"column":35},"end":{"line":341,"column":36}},"loc":{"start":{"line":341,"column":40},"end":{"line":347,"column":5}},"line":341},"34":{"name":"(anonymous_34)","decl":{"start":{"line":352,"column":22},"end":{"line":352,"column":23}},"loc":{"start":{"line":352,"column":75},"end":{"line":387,"column":1}},"line":352},"35":{"name":"(anonymous_35)","decl":{"start":{"line":358,"column":25},"end":{"line":358,"column":26}},"loc":{"start":{"line":358,"column":30},"end":{"line":358,"column":78}},"line":358},"36":{"name":"(anonymous_36)","decl":{"start":{"line":359,"column":42},"end":{"line":359,"column":43}},"loc":{"start":{"line":359,"column":47},"end":{"line":359,"column":95}},"line":359},"37":{"name":"(anonymous_37)","decl":{"start":{"line":370,"column":40},"end":{"line":370,"column":41}},"loc":{"start":{"line":370,"column":45},"end":{"line":370,"column":93}},"line":370}},"branchMap":{"0":{"loc":{"start":{"line":13,"column":4},"end":{"line":22,"column":5}},"type":"if","locations":[{"start":{"line":13,"column":4},"end":{"line":22,"column":5}},{"start":{"line":13,"column":4},"end":{"line":22,"column":5}}],"line":13},"1":{"loc":{"start":{"line":19,"column":24},"end":{"line":19,"column":88}},"type":"binary-expr","locations":[{"start":{"line":19,"column":24},"end":{"line":19,"column":54}},{"start":{"line":19,"column":58},"end":{"line":19,"column":88}}],"line":19},"2":{"loc":{"start":{"line":28,"column":4},"end":{"line":54,"column":5}},"type":"switch","locations":[{"start":{"line":29,"column":4},"end":{"line":32,"column":5}},{"start":{"line":33,"column":4},"end":{"line":36,"column":5}},{"start":{"line":37,"column":4},"end":{"line":41,"column":5}},{"start":{"line":42,"column":4},"end":{"line":45,"column":5}},{"start":{"line":46,"column":4},"end":{"line":49,"column":5}},{"start":{"line":50,"column":4},"end":{"line":53,"column":5}}],"line":28},"3":{"loc":{"start":{"line":66,"column":4},"end":{"line":68,"column":5}},"type":"if","locations":[{"start":{"line":66,"column":4},"end":{"line":68,"column":5}},{"start":{"line":66,"column":4},"end":{"line":68,"column":5}}],"line":66},"4":{"loc":{"start":{"line":77,"column":4},"end":{"line":86,"column":5}},"type":"if","locations":[{"start":{"line":77,"column":4},"end":{"line":86,"column":5}},{"start":{"line":77,"column":4},"end":{"line":86,"column":5}}],"line":77},"5":{"loc":{"start":{"line":83,"column":24},"end":{"line":83,"column":88}},"type":"binary-expr","locations":[{"start":{"line":83,"column":24},"end":{"line":83,"column":54}},{"start":{"line":83,"column":58},"end":{"line":83,"column":88}}],"line":83},"6":{"loc":{"start":{"line":97,"column":4},"end":{"line":106,"column":5}},"type":"if","locations":[{"start":{"line":97,"column":4},"end":{"line":106,"column":5}},{"start":{"line":97,"column":4},"end":{"line":106,"column":5}}],"line":97},"7":{"loc":{"start":{"line":107,"column":4},"end":{"line":136,"column":5}},"type":"switch","locations":[{"start":{"line":108,"column":4},"end":{"line":111,"column":5}},{"start":{"line":112,"column":4},"end":{"line":115,"column":5}},{"start":{"line":116,"column":4},"end":{"line":120,"column":5}},{"start":{"line":121,"column":4},"end":{"line":125,"column":5}},{"start":{"line":126,"column":4},"end":{"line":130,"column":5}},{"start":{"line":131,"column":4},"end":{"line":135,"column":5}}],"line":107},"8":{"loc":{"start":{"line":142,"column":4},"end":{"line":153,"column":5}},"type":"if","locations":[{"start":{"line":142,"column":4},"end":{"line":153,"column":5}},{"start":{"line":142,"column":4},"end":{"line":153,"column":5}}],"line":142},"9":{"loc":{"start":{"line":156,"column":4},"end":{"line":183,"column":5}},"type":"if","locations":[{"start":{"line":156,"column":4},"end":{"line":183,"column":5}},{"start":{"line":156,"column":4},"end":{"line":183,"column":5}}],"line":156},"10":{"loc":{"start":{"line":165,"column":11},"end":{"line":183,"column":5}},"type":"if","locations":[{"start":{"line":165,"column":11},"end":{"line":183,"column":5}},{"start":{"line":165,"column":11},"end":{"line":183,"column":5}}],"line":165},"11":{"loc":{"start":{"line":165,"column":15},"end":{"line":165,"column":59}},"type":"binary-expr","locations":[{"start":{"line":165,"column":15},"end":{"line":165,"column":34}},{"start":{"line":165,"column":38},"end":{"line":165,"column":59}}],"line":165},"12":{"loc":{"start":{"line":187,"column":4},"end":{"line":196,"column":5}},"type":"switch","locations":[{"start":{"line":188,"column":4},"end":{"line":191,"column":5}},{"start":{"line":192,"column":4},"end":{"line":195,"column":5}}],"line":187},"13":{"loc":{"start":{"line":197,"column":4},"end":{"line":206,"column":5}},"type":"switch","locations":[{"start":{"line":198,"column":4},"end":{"line":201,"column":5}},{"start":{"line":202,"column":4},"end":{"line":205,"column":5}}],"line":197},"14":{"loc":{"start":{"line":207,"column":4},"end":{"line":213,"column":5}},"type":"if","locations":[{"start":{"line":207,"column":4},"end":{"line":213,"column":5}},{"start":{"line":207,"column":4},"end":{"line":213,"column":5}}],"line":207},"15":{"loc":{"start":{"line":241,"column":4},"end":{"line":264,"column":5}},"type":"switch","locations":[{"start":{"line":242,"column":4},"end":{"line":252,"column":5}},{"start":{"line":253,"column":4},"end":{"line":263,"column":5}}],"line":241},"16":{"loc":{"start":{"line":269,"column":4},"end":{"line":278,"column":5}},"type":"switch","locations":[{"start":{"line":270,"column":4},"end":{"line":273,"column":5}},{"start":{"line":274,"column":4},"end":{"line":277,"column":5}}],"line":269},"17":{"loc":{"start":{"line":302,"column":4},"end":{"line":304,"column":5}},"type":"if","locations":[{"start":{"line":302,"column":4},"end":{"line":304,"column":5}},{"start":{"line":302,"column":4},"end":{"line":304,"column":5}}],"line":302},"18":{"loc":{"start":{"line":308,"column":4},"end":{"line":310,"column":5}},"type":"if","locations":[{"start":{"line":308,"column":4},"end":{"line":310,"column":5}},{"start":{"line":308,"column":4},"end":{"line":310,"column":5}}],"line":308},"19":{"loc":{"start":{"line":336,"column":4},"end":{"line":338,"column":5}},"type":"if","locations":[{"start":{"line":336,"column":4},"end":{"line":338,"column":5}},{"start":{"line":336,"column":4},"end":{"line":338,"column":5}}],"line":336},"20":{"loc":{"start":{"line":343,"column":8},"end":{"line":346,"column":9}},"type":"if","locations":[{"start":{"line":343,"column":8},"end":{"line":346,"column":9}},{"start":{"line":343,"column":8},"end":{"line":346,"column":9}}],"line":343},"21":{"loc":{"start":{"line":358,"column":30},"end":{"line":358,"column":78}},"type":"binary-expr","locations":[{"start":{"line":358,"column":30},"end":{"line":358,"column":49}},{"start":{"line":358,"column":53},"end":{"line":358,"column":78}}],"line":358},"22":{"loc":{"start":{"line":359,"column":47},"end":{"line":359,"column":95}},"type":"binary-expr","locations":[{"start":{"line":359,"column":47},"end":{"line":359,"column":66}},{"start":{"line":359,"column":70},"end":{"line":359,"column":95}}],"line":359},"23":{"loc":{"start":{"line":360,"column":8},"end":{"line":369,"column":9}},"type":"if","locations":[{"start":{"line":360,"column":8},"end":{"line":369,"column":9}},{"start":{"line":360,"column":8},"end":{"line":369,"column":9}}],"line":360},"24":{"loc":{"start":{"line":370,"column":45},"end":{"line":370,"column":93}},"type":"binary-expr","locations":[{"start":{"line":370,"column":45},"end":{"line":370,"column":62}},{"start":{"line":370,"column":66},"end":{"line":370,"column":93}}],"line":370},"25":{"loc":{"start":{"line":371,"column":8},"end":{"line":380,"column":9}},"type":"if","locations":[{"start":{"line":371,"column":8},"end":{"line":380,"column":9}},{"start":{"line":371,"column":8},"end":{"line":380,"column":9}}],"line":371},"26":{"loc":{"start":{"line":381,"column":8},"end":{"line":384,"column":9}},"type":"if","locations":[{"start":{"line":381,"column":8},"end":{"line":384,"column":9}},{"start":{"line":381,"column":8},"end":{"line":384,"column":9}}],"line":381},"27":{"loc":{"start":{"line":381,"column":12},"end":{"line":381,"column":50}},"type":"binary-expr","locations":[{"start":{"line":381,"column":12},"end":{"line":381,"column":30}},{"start":{"line":381,"column":34},"end":{"line":381,"column":50}}],"line":381}},"s":{"0":1,"1":1,"2":1,"3":1,"4":1,"5":1,"6":1,"7":1,"8":1,"9":1,"10":1,"11":0,"12":0,"13":0,"14":0,"15":1,"16":1,"17":10,"18":1,"19":0,"20":0,"21":1,"22":1,"23":0,"24":0,"25":0,"26":0,"27":0,"28":0,"29":0,"30":0,"31":0,"32":1,"33":1,"34":1,"35":10,"36":10,"37":1,"38":0,"39":1,"40":1,"41":1,"42":1,"43":1,"44":0,"45":0,"46":0,"47":0,"48":1,"49":1,"50":30,"51":1,"52":1,"53":30,"54":1,"55":30,"56":1,"57":0,"58":0,"59":0,"60":0,"61":0,"62":0,"63":0,"64":0,"65":1,"66":1,"67":1,"68":0,"69":0,"70":0,"71":0,"72":0,"73":0,"74":1,"75":1,"76":1,"77":1,"78":1,"79":0,"80":0,"81":1,"82":1,"83":1,"84":1,"85":1,"86":1,"87":30,"88":1,"89":0,"90":0,"91":0,"92":0,"93":0,"94":0,"95":1,"96":0,"97":0,"98":1,"99":1,"100":1,"101":1,"102":1,"103":1,"104":1,"105":0,"106":0,"107":1,"108":1,"109":1,"110":0,"111":0,"112":1,"113":1,"114":1,"115":0,"116":0,"117":1,"118":1,"119":1,"120":30,"121":1,"122":18,"123":1,"124":1,"125":1,"126":1,"127":1,"128":1,"129":30,"130":1,"131":25,"132":1,"133":1,"134":1,"135":1,"136":30,"137":30,"138":1,"139":1,"140":1,"141":1,"142":1,"143":1,"144":1,"145":1,"146":0,"147":0,"148":0,"149":0,"150":0,"151":1,"152":1,"153":1,"154":1,"155":1,"156":0,"157":0,"158":1,"159":2,"160":1,"161":1,"162":2,"163":1,"164":1,"165":1,"166":1,"167":1,"168":1,"169":1,"170":0,"171":1,"172":1,"173":1,"174":1,"175":0,"176":1,"177":1,"178":1,"179":1,"180":1,"181":1,"182":1,"183":1,"184":1,"185":0,"186":1,"187":1,"188":1,"189":3,"190":3,"191":1,"192":1,"193":1,"194":1,"195":1,"196":1,"197":1,"198":1,"199":1,"200":1,"201":1,"202":1,"203":1,"204":1,"205":1,"206":1,"207":1,"208":1,"209":1,"210":1,"211":1,"212":1,"213":1,"214":1,"215":1,"216":1,"217":1,"218":1},"f":{"0":1,"1":0,"2":0,"3":10,"4":10,"5":10,"6":1,"7":0,"8":0,"9":30,"10":30,"11":30,"12":0,"13":0,"14":0,"15":0,"16":0,"17":30,"18":18,"19":30,"20":25,"21":30,"22":30,"23":1,"24":1,"25":0,"26":0,"27":2,"28":1,"29":2,"30":1,"31":1,"32":1,"33":3,"34":1,"35":1,"36":1,"37":1},"b":{"0":[0,1],"1":[0,0],"2":[0,1,0,0,0,0],"3":[0,1],"4":[0,1],"5":[0,0],"6":[1,0],"7":[0,0,0,1,0,0],"8":[0,1],"9":[0,1],"10":[0,1],"11":[1,1],"12":[1,0],"13":[1,0],"14":[1,0],"15":[1,0],"16":[1,0],"17":[0,1],"18":[0,1],"19":[0,1],"20":[1,2],"21":[1,1],"22":[1,1],"23":[1,0],"24":[1,1],"25":[1,0],"26":[1,0],"27":[1,1]},"_coverageSchema":"1a1c01bbd47fc00a2c39e90264f33305004495a9","hash":"67ad65ca3f1b6f09c5c4f4a16d3350cb9da8845e","contentHash":"2addd32afe7b59e1a847e4da708cc2c48326314d69951ad42d3f394519bd32b1"}}